2020-12-20 15:51:11:654 0 sec: 0 operations; est completion in 0 second 
Waiting for server connections
Connected to all servers!
2020-12-20 15:51:16:577 5 sec: 1174 operations; 234.8 current ops/sec; est completion in 3 minutes [READ AverageLatency(us)=229646.37] [UPDATE AverageLatency(us)=207273.67] 
2020-12-20 15:51:21:576 10 sec: 5997 operations; 964.6 current ops/sec; est completion in 1 minute [READ AverageLatency(us)=66205.12] [UPDATE AverageLatency(us)=66504.55] 
2020-12-20 15:51:26:577 15 sec: 11121 operations; 1024.8 current ops/sec; est completion in 53 seconds [READ AverageLatency(us)=62206.71] [UPDATE AverageLatency(us)=62841.46] 
2020-12-20 15:51:31:577 20 sec: 16031 operations; 982 current ops/sec; est completion in 43 seconds [READ AverageLatency(us)=64790.21] [UPDATE AverageLatency(us)=65633.47] 
2020-12-20 15:51:36:577 25 sec: 20890 operations; 971.8 current ops/sec; est completion in 35 seconds [READ AverageLatency(us)=65650.69] [UPDATE AverageLatency(us)=65921.98] 
2020-12-20 15:51:41:577 30 sec: 25926 operations; 1007.2 current ops/sec; est completion in 28 seconds [READ AverageLatency(us)=63678.8] [UPDATE AverageLatency(us)=63414.3] 
2020-12-20 15:51:46:577 35 sec: 30839 operations; 982.6 current ops/sec; est completion in 22 seconds [READ AverageLatency(us)=65137.72] [UPDATE AverageLatency(us)=64976.71] 
2020-12-20 15:51:51:577 40 sec: 35734 operations; 979 current ops/sec; est completion in 16 seconds [READ AverageLatency(us)=65343.53] [UPDATE AverageLatency(us)=65421.88] 
2020-12-20 15:51:56:577 45 sec: 40590 operations; 971.2 current ops/sec; est completion in 11 seconds [READ AverageLatency(us)=65853.32] [UPDATE AverageLatency(us)=65947.6] 
2020-12-20 15:52:01:577 50 sec: 45462 operations; 974.4 current ops/sec; est completion in 5 second [READ AverageLatency(us)=65421.17] [UPDATE AverageLatency(us)=65950.36] 
2020-12-20 15:52:06:502 54 sec: 50000 operations; 921.42 current ops/sec; [READ AverageLatency(us)=58654.32] [CLEANUP AverageLatency(us)=0.05] [UPDATE AverageLatency(us)=57762.38] 
[OVERALL], RunTime(ms), 54924
[OVERALL], Throughput(ops/sec), 910.3488456776637
[TOTAL_GCS_G1_Young_Generation], Count, 5
[TOTAL_GC_TIME_G1_Young_Generation], Time(ms), 61
[TOTAL_GC_TIME_%_G1_Young_Generation], Time(%), 0.11106255917267496
[TOTAL_GCS_G1_Old_Generation], Count, 0
[TOTAL_GC_TIME_G1_Old_Generation], Time(ms), 0
[TOTAL_GC_TIME_%_G1_Old_Generation], Time(%), 0.0
[TOTAL_GCs], Count, 5
[TOTAL_GC_TIME], Time(ms), 61
[TOTAL_GC_TIME_%], Time(%), 0.11106255917267496
[READ], Operations, 25082
[READ], AverageLatency(us), 68156.80787018579
[READ], MinLatency(us), 10647
[READ], MaxLatency(us), 2310269
[READ], Return=OK, 25082
[READ], 0, 119130.31078988126
[READ], 5000, 61012.484481453444
[READ], 10000, 63152.2093206951
[READ], 15000, 65315.55135579293
[READ], 20000, 66749.78938570831
[READ], 25000, 62381.718217054266
[READ], 30000, 65631.47628781684
[READ], 35000, 65511.477908390756
[READ], 40000, 65796.3781033781
[READ], 45000, 65765.82939739413
[READ], 50000, 44265.78455284553
[CLEANUP], Operations, 64
[CLEANUP], AverageLatency(us), 0.046875
[CLEANUP], MinLatency(us), 0
[CLEANUP], MaxLatency(us), 2
[CLEANUP], 0, 0.046875
[UPDATE], Operations, 24918
[UPDATE], AverageLatency(us), 67861.33361425475
[UPDATE], MinLatency(us), 8797
[UPDATE], MaxLatency(us), 2322073
[UPDATE], Return=OK, 24918
[UPDATE], 0, 111969.28255404725
[UPDATE], 5000, 61501.731320170344
[UPDATE], 10000, 63544.79618593564
[UPDATE], 15000, 66067.58835588356
[UPDATE], 20000, 66820.09045643154
[UPDATE], 25000, 62228.04549019608
[UPDATE], 30000, 65340.2842451666
[UPDATE], 35000, 65813.37135720233
[UPDATE], 40000, 66188.79516061743
[UPDATE], 45000, 65777.29338327091
[UPDATE], 50000, 43865.0878293601
