[32mI[19:33:45,681] [main]HashApp:[m Listening on localhost:6003
[32mI[19:33:46,184] [main]StateMachine:[m Listening on localhost:5003
[32mI[19:33:46,221] [main]StateMachine:[m My initial membership [127.0.0.1:5000, 127.0.0.1:5001, 127.0.0.1:5002] 
[32mI[19:33:46,223] [main]StateMachine:[m Starting in JOINING as I am not part of initial membership
[32mI[19:33:46,231] [400-PaxosAgreement]PaxosAgreement:[m Channel 2 created, I am 127.0.0.1:5003
[32mI[19:33:46,334] [200-StateMachine]StateMachine:[m Connection to 127.0.0.1:5000 is up
[36mD[19:33:56,251] [400-PaxosAgreement]PaxosAgreement:[m Received prepare with sn 3 in instance 1
[36mD[19:33:56,252] [400-PaxosAgreement]PaxosAgreement:[m Have accepted nothing in instance 1: sending bottoms
[36mD[19:33:56,253] [400-PaxosAgreement]PaxosAgreement:[m Received prepare with sn 2 in instance 1
[36mD[19:33:56,254] [400-PaxosAgreement]PaxosAgreement:[m Received prepare with sn 1 in instance 1
[36mD[19:33:56,263] [400-PaxosAgreement]PaxosAgreement:[m Received accept with sn 3 in instance 1
[36mD[19:33:56,264] [400-PaxosAgreement]PaxosAgreement:[m Can accept op with sn 3 in instance 1
[36mD[19:33:56,265] [400-PaxosAgreement]PaxosAgreement:[m Sent AcceptOkMessage for 127.0.0.1:5002
[36mD[19:33:56,274] [400-PaxosAgreement]PaxosAgreement:[m Received AcceptOk with sn 3 in instance 1
[36mD[19:33:56,276] [400-PaxosAgreement]PaxosAgreement:[m Received Higher AcceptOk, changing from -1 to 3
[36mD[19:33:56,276] [400-PaxosAgreement]PaxosAgreement:[m Checking Quorum with Membership: [] in instance 1
[36mD[19:33:56,276] [400-PaxosAgreement]PaxosAgreement:[m Received AcceptOk with sn 3 in instance 1
[36mD[19:33:56,277] [400-PaxosAgreement]PaxosAgreement:[m Increment AcceptOk Counter in instance 1
[36mD[19:33:56,277] [400-PaxosAgreement]PaxosAgreement:[m Checking Quorum with Membership: [] in instance 1
[36mD[19:33:56,282] [400-PaxosAgreement]PaxosAgreement:[m Received AcceptOk with sn 3 in instance 1
[36mD[19:33:56,282] [400-PaxosAgreement]PaxosAgreement:[m Increment AcceptOk Counter in instance 1
[36mD[19:33:56,282] [400-PaxosAgreement]PaxosAgreement:[m Checking Quorum with Membership: [] in instance 1
[32mI[19:33:56,292] [200-StateMachine]StateMachine:[m Connection to 127.0.0.1:5002 is up
[36mD[19:33:56,300] [400-PaxosAgreement]PaxosAgreement:[m Received prepare with sn 2 in instance 2
[36mD[19:33:56,300] [400-PaxosAgreement]PaxosAgreement:[m Have accepted nothing in instance 2: sending bottoms
[36mD[19:33:56,300] [400-PaxosAgreement]PaxosAgreement:[m Received prepare with sn 1 in instance 2
[36mD[19:33:56,307] [400-PaxosAgreement]PaxosAgreement:[m Received prepare with sn 3 in instance 2
[36mD[19:33:56,307] [400-PaxosAgreement]PaxosAgreement:[m Have accepted nothing in instance 2: sending bottoms
[36mD[19:33:56,316] [400-PaxosAgreement]PaxosAgreement:[m Received accept with sn 2 in instance 2
[36mD[19:33:56,319] [400-PaxosAgreement]PaxosAgreement:[m Received accept with sn 3 in instance 2
[36mD[19:33:56,320] [400-PaxosAgreement]PaxosAgreement:[m Can accept op with sn 3 in instance 2
[36mD[19:33:56,321] [400-PaxosAgreement]PaxosAgreement:[m Sent AcceptOkMessage for 127.0.0.1:5002
[36mD[19:33:56,330] [400-PaxosAgreement]PaxosAgreement:[m Received AcceptOk with sn 3 in instance 2
[36mD[19:33:56,330] [400-PaxosAgreement]PaxosAgreement:[m Received Higher AcceptOk, changing from -1 to 3
[36mD[19:33:56,330] [400-PaxosAgreement]PaxosAgreement:[m Checking Quorum with Membership: [] in instance 2
[32mI[19:33:56,335] [200-StateMachine]StateMachine:[m Connection to 127.0.0.1:5001 is up
[36mD[19:33:56,335] [400-PaxosAgreement]PaxosAgreement:[m Received AcceptOk with sn 3 in instance 2
[36mD[19:33:56,336] [400-PaxosAgreement]PaxosAgreement:[m Increment AcceptOk Counter in instance 2
[36mD[19:33:56,336] [400-PaxosAgreement]PaxosAgreement:[m Checking Quorum with Membership: [] in instance 2
[36mD[19:33:56,336] [400-PaxosAgreement]PaxosAgreement:[m Received AcceptOk with sn 3 in instance 2
[36mD[19:33:56,336] [400-PaxosAgreement]PaxosAgreement:[m Increment AcceptOk Counter in instance 2
[36mD[19:33:56,336] [400-PaxosAgreement]PaxosAgreement:[m Checking Quorum with Membership: [] in instance 2
[36mD[19:33:56,337] [400-PaxosAgreement]PaxosAgreement:[m Received prepare with sn 1 in instance 3
[36mD[19:33:56,338] [400-PaxosAgreement]PaxosAgreement:[m Have accepted nothing in instance 3: sending bottoms
[36mD[19:33:56,338] [400-PaxosAgreement]PaxosAgreement:[m Received prepare with sn 1 in instance 3
[36mD[19:33:56,345] [400-PaxosAgreement]PaxosAgreement:[m Received accept with sn 1 in instance 3
[36mD[19:33:56,346] [400-PaxosAgreement]PaxosAgreement:[m Can accept op with sn 1 in instance 3
[36mD[19:33:56,346] [400-PaxosAgreement]PaxosAgreement:[m Sent AcceptOkMessage for 127.0.0.1:5000
[36mD[19:33:56,347] [400-PaxosAgreement]PaxosAgreement:[m Received accept with sn 1 in instance 3
[36mD[19:33:56,348] [400-PaxosAgreement]PaxosAgreement:[m Can accept op with sn 1 in instance 3
[36mD[19:33:56,348] [400-PaxosAgreement]PaxosAgreement:[m Sent AcceptOkMessage for 127.0.0.1:5000
[36mD[19:33:56,348] [400-PaxosAgreement]PaxosAgreement:[m Received AcceptOk with sn 1 in instance 3
[36mD[19:33:56,349] [400-PaxosAgreement]PaxosAgreement:[m Received Higher AcceptOk, changing from -1 to 1
[36mD[19:33:56,349] [400-PaxosAgreement]PaxosAgreement:[m Checking Quorum with Membership: [] in instance 3
[36mD[19:33:56,349] [400-PaxosAgreement]PaxosAgreement:[m Received AcceptOk with sn 1 in instance 3
[36mD[19:33:56,350] [400-PaxosAgreement]PaxosAgreement:[m Increment AcceptOk Counter in instance 3
[36mD[19:33:56,350] [400-PaxosAgreement]PaxosAgreement:[m Checking Quorum with Membership: [] in instance 3
[36mD[19:33:56,364] [400-PaxosAgreement]PaxosAgreement:[m Received prepare with sn 2 in instance 3
[36mD[19:33:56,364] [400-PaxosAgreement]PaxosAgreement:[m Have accepted 9715fea4-4c45-41e4-8e0d-97cf0971f833 in instance 3: sending it
[36mD[19:33:56,364] [400-PaxosAgreement]PaxosAgreement:[m Received prepare with sn 2 in instance 3
[36mD[19:33:56,371] [400-PaxosAgreement]PaxosAgreement:[m Received AcceptOk with sn 1 in instance 3
[36mD[19:33:56,371] [400-PaxosAgreement]PaxosAgreement:[m Increment AcceptOk Counter in instance 3
[36mD[19:33:56,371] [400-PaxosAgreement]PaxosAgreement:[m Checking Quorum with Membership: [] in instance 3
[36mD[19:33:56,375] [400-PaxosAgreement]PaxosAgreement:[m Received AcceptOk with sn 1 in instance 3
[36mD[19:33:56,375] [400-PaxosAgreement]PaxosAgreement:[m Increment AcceptOk Counter in instance 3
[36mD[19:33:56,376] [400-PaxosAgreement]PaxosAgreement:[m Checking Quorum with Membership: [] in instance 3
[36mD[19:33:56,383] [400-PaxosAgreement]PaxosAgreement:[m Received accept with sn 2 in instance 3
[36mD[19:33:56,384] [400-PaxosAgreement]PaxosAgreement:[m Can accept op with sn 2 in instance 3
[36mD[19:33:56,385] [400-PaxosAgreement]PaxosAgreement:[m Sent AcceptOkMessage for 127.0.0.1:5001
[36mD[19:33:56,386] [400-PaxosAgreement]PaxosAgreement:[m Received accept with sn 2 in instance 3
[36mD[19:33:56,387] [400-PaxosAgreement]PaxosAgreement:[m Can accept op with sn 2 in instance 3
[36mD[19:33:56,387] [400-PaxosAgreement]PaxosAgreement:[m Sent AcceptOkMessage for 127.0.0.1:5001
[36mD[19:33:56,393] [400-PaxosAgreement]PaxosAgreement:[m Received prepare with sn 1 in instance 4
[36mD[19:33:56,393] [400-PaxosAgreement]PaxosAgreement:[m Have accepted nothing in instance 4: sending bottoms
[36mD[19:33:56,393] [400-PaxosAgreement]PaxosAgreement:[m Received prepare with sn 1 in instance 4
[36mD[19:33:56,397] [400-PaxosAgreement]PaxosAgreement:[m Received AcceptOk with sn 2 in instance 3
[36mD[19:33:56,397] [400-PaxosAgreement]PaxosAgreement:[m Received Higher AcceptOk, changing from 1 to 2
[36mD[19:33:56,398] [400-PaxosAgreement]PaxosAgreement:[m Checking Quorum with Membership: [] in instance 3
[36mD[19:33:56,398] [400-PaxosAgreement]PaxosAgreement:[m Received AcceptOk with sn 2 in instance 3
[36mD[19:33:56,398] [400-PaxosAgreement]PaxosAgreement:[m Increment AcceptOk Counter in instance 3
[36mD[19:33:56,399] [400-PaxosAgreement]PaxosAgreement:[m Checking Quorum with Membership: [] in instance 3
[36mD[19:33:56,404] [400-PaxosAgreement]PaxosAgreement:[m Received accept with sn 1 in instance 4
[36mD[19:33:56,405] [400-PaxosAgreement]PaxosAgreement:[m Can accept op with sn 1 in instance 4
[36mD[19:33:56,405] [400-PaxosAgreement]PaxosAgreement:[m Sent AcceptOkMessage for 127.0.0.1:5000
[36mD[19:33:56,407] [400-PaxosAgreement]PaxosAgreement:[m Received accept with sn 1 in instance 4
[36mD[19:33:56,407] [400-PaxosAgreement]PaxosAgreement:[m Can accept op with sn 1 in instance 4
[36mD[19:33:56,407] [400-PaxosAgreement]PaxosAgreement:[m Sent AcceptOkMessage for 127.0.0.1:5000
[36mD[19:33:56,408] [400-PaxosAgreement]PaxosAgreement:[m Received prepare with sn 2 in instance 4
[36mD[19:33:56,408] [400-PaxosAgreement]PaxosAgreement:[m Have accepted 9e8c8eae-903b-461f-82f0-8952c015a56e in instance 4: sending it
[36mD[19:33:56,408] [400-PaxosAgreement]PaxosAgreement:[m Received prepare with sn 2 in instance 4
[36mD[19:33:56,409] [400-PaxosAgreement]PaxosAgreement:[m Received AcceptOk with sn 1 in instance 4
[36mD[19:33:56,409] [400-PaxosAgreement]PaxosAgreement:[m Received Higher AcceptOk, changing from -1 to 1
[36mD[19:33:56,409] [400-PaxosAgreement]PaxosAgreement:[m Checking Quorum with Membership: [] in instance 4
[36mD[19:33:56,409] [400-PaxosAgreement]PaxosAgreement:[m Received AcceptOk with sn 1 in instance 4
[36mD[19:33:56,409] [400-PaxosAgreement]PaxosAgreement:[m Increment AcceptOk Counter in instance 4
[36mD[19:33:56,410] [400-PaxosAgreement]PaxosAgreement:[m Checking Quorum with Membership: [] in instance 4
[36mD[19:33:56,415] [400-PaxosAgreement]PaxosAgreement:[m Received AcceptOk with sn 1 in instance 4
[36mD[19:33:56,415] [400-PaxosAgreement]PaxosAgreement:[m Increment AcceptOk Counter in instance 4
[36mD[19:33:56,416] [400-PaxosAgreement]PaxosAgreement:[m Checking Quorum with Membership: [] in instance 4
[36mD[19:33:56,416] [400-PaxosAgreement]PaxosAgreement:[m Received AcceptOk with sn 1 in instance 4
[36mD[19:33:56,416] [400-PaxosAgreement]PaxosAgreement:[m Increment AcceptOk Counter in instance 4
[36mD[19:33:56,416] [400-PaxosAgreement]PaxosAgreement:[m Checking Quorum with Membership: [] in instance 4
[36mD[19:33:56,423] [400-PaxosAgreement]PaxosAgreement:[m Received prepare with sn 1 in instance 5
[36mD[19:33:56,423] [400-PaxosAgreement]PaxosAgreement:[m Have accepted nothing in instance 5: sending bottoms
[36mD[19:33:56,423] [400-PaxosAgreement]PaxosAgreement:[m Received prepare with sn 1 in instance 5
[36mD[19:33:56,439] [400-PaxosAgreement]PaxosAgreement:[m Received accept with sn 2 in instance 4
[36mD[19:33:56,440] [400-PaxosAgreement]PaxosAgreement:[m Can accept op with sn 2 in instance 4
[36mD[19:33:56,440] [400-PaxosAgreement]PaxosAgreement:[m Sent AcceptOkMessage for 127.0.0.1:5001
[36mD[19:33:56,441] [400-PaxosAgreement]PaxosAgreement:[m Received accept with sn 2 in instance 4
[36mD[19:33:56,441] [400-PaxosAgreement]PaxosAgreement:[m Can accept op with sn 2 in instance 4
[36mD[19:33:56,442] [400-PaxosAgreement]PaxosAgreement:[m Sent AcceptOkMessage for 127.0.0.1:5001
[36mD[19:33:56,442] [400-PaxosAgreement]PaxosAgreement:[m Received accept with sn 1 in instance 5
[36mD[19:33:56,442] [400-PaxosAgreement]PaxosAgreement:[m Can accept op with sn 1 in instance 5
[36mD[19:33:56,442] [400-PaxosAgreement]PaxosAgreement:[m Sent AcceptOkMessage for 127.0.0.1:5000
[36mD[19:33:56,443] [400-PaxosAgreement]PaxosAgreement:[m Received accept with sn 1 in instance 5
[36mD[19:33:56,443] [400-PaxosAgreement]PaxosAgreement:[m Can accept op with sn 1 in instance 5
[36mD[19:33:56,443] [400-PaxosAgreement]PaxosAgreement:[m Sent AcceptOkMessage for 127.0.0.1:5000
[36mD[19:33:56,444] [400-PaxosAgreement]PaxosAgreement:[m Received AcceptOk with sn 1 in instance 5
[36mD[19:33:56,444] [400-PaxosAgreement]PaxosAgreement:[m Received Higher AcceptOk, changing from -1 to 1
[36mD[19:33:56,444] [400-PaxosAgreement]PaxosAgreement:[m Checking Quorum with Membership: [] in instance 5
[36mD[19:33:56,445] [400-PaxosAgreement]PaxosAgreement:[m Received AcceptOk with sn 1 in instance 5
[36mD[19:33:56,445] [400-PaxosAgreement]PaxosAgreement:[m Increment AcceptOk Counter in instance 5
[36mD[19:33:56,445] [400-PaxosAgreement]PaxosAgreement:[m Checking Quorum with Membership: [] in instance 5
[36mD[19:33:56,454] [400-PaxosAgreement]PaxosAgreement:[m Received prepare with sn 3 in instance 3
[36mD[19:33:56,455] [400-PaxosAgreement]PaxosAgreement:[m Have accepted 9715fea4-4c45-41e4-8e0d-97cf0971f833 in instance 3: sending it
[36mD[19:33:56,460] [400-PaxosAgreement]PaxosAgreement:[m Received prepare with sn 3 in instance 3
[36mD[19:33:56,472] [400-PaxosAgreement]PaxosAgreement:[m Received AcceptOk with sn 2 in instance 4
[36mD[19:33:56,472] [400-PaxosAgreement]PaxosAgreement:[m Received Higher AcceptOk, changing from 1 to 2
[36mD[19:33:56,473] [400-PaxosAgreement]PaxosAgreement:[m Checking Quorum with Membership: [] in instance 4
[36mD[19:33:56,475] [400-PaxosAgreement]PaxosAgreement:[m Received AcceptOk with sn 2 in instance 4
[36mD[19:33:56,475] [400-PaxosAgreement]PaxosAgreement:[m Increment AcceptOk Counter in instance 4
[36mD[19:33:56,475] [400-PaxosAgreement]PaxosAgreement:[m Checking Quorum with Membership: [] in instance 4
[36mD[19:33:56,475] [400-PaxosAgreement]PaxosAgreement:[m Received prepare with sn 3 in instance 4
[36mD[19:33:56,475] [400-PaxosAgreement]PaxosAgreement:[m Have accepted 9e8c8eae-903b-461f-82f0-8952c015a56e in instance 4: sending it
[36mD[19:33:56,476] [400-PaxosAgreement]PaxosAgreement:[m Received prepare with sn 3 in instance 4
[36mD[19:33:56,478] [400-PaxosAgreement]PaxosAgreement:[m Received prepare with sn 2 in instance 5
[36mD[19:33:56,478] [400-PaxosAgreement]PaxosAgreement:[m Have accepted 81e41ce5-8c81-4338-8afc-1f78887c5917 in instance 5: sending it
[36mD[19:33:56,480] [400-PaxosAgreement]PaxosAgreement:[m Received prepare with sn 2 in instance 5
[36mD[19:33:56,481] [400-PaxosAgreement]PaxosAgreement:[m Received prepare with sn 3 in instance 5
[36mD[19:33:56,481] [400-PaxosAgreement]PaxosAgreement:[m Have accepted 81e41ce5-8c81-4338-8afc-1f78887c5917 in instance 5: sending it
[36mD[19:33:56,481] [400-PaxosAgreement]PaxosAgreement:[m Received prepare with sn 3 in instance 5
[36mD[19:33:56,495] [400-PaxosAgreement]PaxosAgreement:[m Received accept with sn 3 in instance 5
[36mD[19:33:56,495] [400-PaxosAgreement]PaxosAgreement:[m Can accept op with sn 3 in instance 5
[36mD[19:33:56,495] [400-PaxosAgreement]PaxosAgreement:[m Sent AcceptOkMessage for 127.0.0.1:5002
[36mD[19:33:56,496] [400-PaxosAgreement]PaxosAgreement:[m Received accept with sn 3 in instance 5
[36mD[19:33:56,496] [400-PaxosAgreement]PaxosAgreement:[m Can accept op with sn 3 in instance 5
[36mD[19:33:56,496] [400-PaxosAgreement]PaxosAgreement:[m Sent AcceptOkMessage for 127.0.0.1:5002
[36mD[19:33:56,496] [400-PaxosAgreement]PaxosAgreement:[m Received AcceptOk with sn 3 in instance 5
[36mD[19:33:56,496] [400-PaxosAgreement]PaxosAgreement:[m Received Higher AcceptOk, changing from 1 to 3
[36mD[19:33:56,497] [400-PaxosAgreement]PaxosAgreement:[m Checking Quorum with Membership: [] in instance 5
[36mD[19:33:56,497] [400-PaxosAgreement]PaxosAgreement:[m Received AcceptOk with sn 3 in instance 5
[36mD[19:33:56,497] [400-PaxosAgreement]PaxosAgreement:[m Increment AcceptOk Counter in instance 5
[36mD[19:33:56,497] [400-PaxosAgreement]PaxosAgreement:[m Checking Quorum with Membership: [] in instance 5
[36mD[19:33:56,497] [400-PaxosAgreement]PaxosAgreement:[m Received AcceptOk with sn 3 in instance 5
[36mD[19:33:56,497] [400-PaxosAgreement]PaxosAgreement:[m Increment AcceptOk Counter in instance 5
[36mD[19:33:56,497] [400-PaxosAgreement]PaxosAgreement:[m Checking Quorum with Membership: [] in instance 5
[36mD[19:33:56,498] [400-PaxosAgreement]PaxosAgreement:[m Received AcceptOk with sn 3 in instance 5
[36mD[19:33:56,498] [400-PaxosAgreement]PaxosAgreement:[m Increment AcceptOk Counter in instance 5
[36mD[19:33:56,498] [400-PaxosAgreement]PaxosAgreement:[m Checking Quorum with Membership: [] in instance 5
[36mD[19:33:56,516] [400-PaxosAgreement]PaxosAgreement:[m Received prepare with sn 3 in instance 6
[36mD[19:33:56,516] [400-PaxosAgreement]PaxosAgreement:[m Have accepted nothing in instance 6: sending bottoms
[36mD[19:33:56,516] [400-PaxosAgreement]PaxosAgreement:[m Received prepare with sn 3 in instance 6
[36mD[19:33:56,523] [400-PaxosAgreement]PaxosAgreement:[m Received accept with sn 3 in instance 6
[36mD[19:33:56,524] [400-PaxosAgreement]PaxosAgreement:[m Can accept op with sn 3 in instance 6
[36mD[19:33:56,525] [400-PaxosAgreement]PaxosAgreement:[m Sent AcceptOkMessage for 127.0.0.1:5002
[36mD[19:33:56,525] [400-PaxosAgreement]PaxosAgreement:[m Received accept with sn 3 in instance 6
[36mD[19:33:56,525] [400-PaxosAgreement]PaxosAgreement:[m Can accept op with sn 3 in instance 6
[36mD[19:33:56,525] [400-PaxosAgreement]PaxosAgreement:[m Sent AcceptOkMessage for 127.0.0.1:5002
[36mD[19:33:56,526] [400-PaxosAgreement]PaxosAgreement:[m Received AcceptOk with sn 3 in instance 6
[36mD[19:33:56,526] [400-PaxosAgreement]PaxosAgreement:[m Received Higher AcceptOk, changing from -1 to 3
[36mD[19:33:56,526] [400-PaxosAgreement]PaxosAgreement:[m Checking Quorum with Membership: [] in instance 6
[36mD[19:33:56,526] [400-PaxosAgreement]PaxosAgreement:[m Received AcceptOk with sn 3 in instance 6
[36mD[19:33:56,526] [400-PaxosAgreement]PaxosAgreement:[m Increment AcceptOk Counter in instance 6
[36mD[19:33:56,526] [400-PaxosAgreement]PaxosAgreement:[m Checking Quorum with Membership: [] in instance 6
[36mD[19:33:56,553] [400-PaxosAgreement]PaxosAgreement:[m Received accept with sn 2 in instance 5
[36mD[19:33:56,554] [400-PaxosAgreement]PaxosAgreement:[m Received accept with sn 2 in instance 5
[36mD[19:33:56,560] [400-PaxosAgreement]PaxosAgreement:[m Received AcceptOk with sn 3 in instance 5
[36mD[19:33:56,560] [400-PaxosAgreement]PaxosAgreement:[m Increment AcceptOk Counter in instance 5
[36mD[19:33:56,560] [400-PaxosAgreement]PaxosAgreement:[m Checking Quorum with Membership: [] in instance 5
[36mD[19:33:56,561] [400-PaxosAgreement]PaxosAgreement:[m Received AcceptOk with sn 3 in instance 5
[36mD[19:33:56,562] [400-PaxosAgreement]PaxosAgreement:[m Increment AcceptOk Counter in instance 5
[36mD[19:33:56,563] [400-PaxosAgreement]PaxosAgreement:[m Checking Quorum with Membership: [] in instance 5
[36mD[19:33:56,565] [400-PaxosAgreement]PaxosAgreement:[m Received prepare with sn 1 in instance 6
[36mD[19:33:56,565] [400-PaxosAgreement]PaxosAgreement:[m Received prepare with sn 1 in instance 6
[36mD[19:33:56,581] [400-PaxosAgreement]PaxosAgreement:[m Received prepare with sn 2 in instance 6
[36mD[19:33:56,581] [400-PaxosAgreement]PaxosAgreement:[m Received prepare with sn 2 in instance 6
[36mD[19:33:58,517] [400-PaxosAgreement]PaxosAgreement:[m Received prepare with sn 8 in instance 6
[36mD[19:33:58,517] [400-PaxosAgreement]PaxosAgreement:[m Have accepted c1ba7ad3-ecb4-4df6-871b-6a0ab031a754 in instance 6: sending it
[36mD[19:33:58,517] [400-PaxosAgreement]PaxosAgreement:[m Received prepare with sn 8 in instance 6
[36mD[19:33:58,525] [400-PaxosAgreement]PaxosAgreement:[m Received accept with sn 8 in instance 6
[36mD[19:33:58,526] [400-PaxosAgreement]PaxosAgreement:[m Can accept op with sn 8 in instance 6
[36mD[19:33:58,526] [400-PaxosAgreement]PaxosAgreement:[m Sent AcceptOkMessage for 127.0.0.1:5002
[36mD[19:33:58,527] [400-PaxosAgreement]PaxosAgreement:[m Received accept with sn 8 in instance 6
[36mD[19:33:58,527] [400-PaxosAgreement]PaxosAgreement:[m Can accept op with sn 8 in instance 6
[36mD[19:33:58,527] [400-PaxosAgreement]PaxosAgreement:[m Sent AcceptOkMessage for 127.0.0.1:5002
[36mD[19:33:58,537] [400-PaxosAgreement]PaxosAgreement:[m Received AcceptOk with sn 8 in instance 6
[36mD[19:33:58,537] [400-PaxosAgreement]PaxosAgreement:[m Received Higher AcceptOk, changing from 3 to 8
[36mD[19:33:58,538] [400-PaxosAgreement]PaxosAgreement:[m Checking Quorum with Membership: [] in instance 6
[36mD[19:33:58,538] [400-PaxosAgreement]PaxosAgreement:[m Received AcceptOk with sn 8 in instance 6
[36mD[19:33:58,538] [400-PaxosAgreement]PaxosAgreement:[m Increment AcceptOk Counter in instance 6
[36mD[19:33:58,538] [400-PaxosAgreement]PaxosAgreement:[m Checking Quorum with Membership: [] in instance 6
[36mD[19:33:58,538] [400-PaxosAgreement]PaxosAgreement:[m Received AcceptOk with sn 8 in instance 6
[36mD[19:33:58,539] [400-PaxosAgreement]PaxosAgreement:[m Increment AcceptOk Counter in instance 6
[36mD[19:33:58,539] [400-PaxosAgreement]PaxosAgreement:[m Checking Quorum with Membership: [] in instance 6
[36mD[19:33:58,539] [400-PaxosAgreement]PaxosAgreement:[m Received AcceptOk with sn 8 in instance 6
[36mD[19:33:58,539] [400-PaxosAgreement]PaxosAgreement:[m Increment AcceptOk Counter in instance 6
[36mD[19:33:58,539] [400-PaxosAgreement]PaxosAgreement:[m Checking Quorum with Membership: [] in instance 6
[36mD[19:33:58,544] [400-PaxosAgreement]PaxosAgreement:[m Received AcceptOk with sn 8 in instance 6
[36mD[19:33:58,544] [400-PaxosAgreement]PaxosAgreement:[m Increment AcceptOk Counter in instance 6
[36mD[19:33:58,545] [400-PaxosAgreement]PaxosAgreement:[m Checking Quorum with Membership: [] in instance 6
[36mD[19:33:58,548] [400-PaxosAgreement]PaxosAgreement:[m Received AcceptOk with sn 8 in instance 6
[36mD[19:33:58,548] [400-PaxosAgreement]PaxosAgreement:[m Increment AcceptOk Counter in instance 6
[36mD[19:33:58,548] [400-PaxosAgreement]PaxosAgreement:[m Checking Quorum with Membership: [] in instance 6
[36mD[19:33:58,564] [400-PaxosAgreement]PaxosAgreement:[m Received prepare with sn 1 in instance 7
[36mD[19:33:58,565] [400-PaxosAgreement]PaxosAgreement:[m Have accepted nothing in instance 7: sending bottoms
[36mD[19:33:58,565] [400-PaxosAgreement]PaxosAgreement:[m Received prepare with sn 1 in instance 7
[36mD[19:33:58,577] [400-PaxosAgreement]PaxosAgreement:[m Received prepare with sn 2 in instance 7
[36mD[19:33:58,578] [400-PaxosAgreement]PaxosAgreement:[m Have accepted nothing in instance 7: sending bottoms
[36mD[19:33:58,582] [400-PaxosAgreement]PaxosAgreement:[m Received prepare with sn 2 in instance 7
[36mD[19:33:58,592] [400-PaxosAgreement]PaxosAgreement:[m Received accept with sn 1 in instance 7
[36mD[19:33:58,593] [400-PaxosAgreement]PaxosAgreement:[m Received accept with sn 1 in instance 7
[36mD[19:33:58,596] [400-PaxosAgreement]PaxosAgreement:[m Received prepare with sn 3 in instance 7
[36mD[19:33:58,596] [400-PaxosAgreement]PaxosAgreement:[m Have accepted nothing in instance 7: sending bottoms
[36mD[19:33:58,596] [400-PaxosAgreement]PaxosAgreement:[m Received prepare with sn 3 in instance 7
[36mD[19:33:58,596] [400-PaxosAgreement]PaxosAgreement:[m Received accept with sn 2 in instance 7
[36mD[19:33:58,597] [400-PaxosAgreement]PaxosAgreement:[m Received accept with sn 2 in instance 7
[36mD[19:33:58,601] [400-PaxosAgreement]PaxosAgreement:[m Received accept with sn 3 in instance 7
[36mD[19:33:58,601] [400-PaxosAgreement]PaxosAgreement:[m Can accept op with sn 3 in instance 7
[36mD[19:33:58,603] [400-PaxosAgreement]PaxosAgreement:[m Sent AcceptOkMessage for 127.0.0.1:5002
[36mD[19:33:58,603] [400-PaxosAgreement]PaxosAgreement:[m Received accept with sn 3 in instance 7
[36mD[19:33:58,605] [400-PaxosAgreement]PaxosAgreement:[m Can accept op with sn 3 in instance 7
[36mD[19:33:58,605] [400-PaxosAgreement]PaxosAgreement:[m Sent AcceptOkMessage for 127.0.0.1:5002
[36mD[19:33:58,605] [400-PaxosAgreement]PaxosAgreement:[m Received AcceptOk with sn 3 in instance 7
[36mD[19:33:58,605] [400-PaxosAgreement]PaxosAgreement:[m Received Higher AcceptOk, changing from -1 to 3
[36mD[19:33:58,605] [400-PaxosAgreement]PaxosAgreement:[m Checking Quorum with Membership: [] in instance 7
[36mD[19:33:58,605] [400-PaxosAgreement]PaxosAgreement:[m Received AcceptOk with sn 3 in instance 7
[36mD[19:33:58,607] [400-PaxosAgreement]PaxosAgreement:[m Increment AcceptOk Counter in instance 7
[36mD[19:33:58,608] [400-PaxosAgreement]PaxosAgreement:[m Checking Quorum with Membership: [] in instance 7
[36mD[19:33:58,608] [400-PaxosAgreement]PaxosAgreement:[m Received AcceptOk with sn 3 in instance 7
[36mD[19:33:58,608] [400-PaxosAgreement]PaxosAgreement:[m Increment AcceptOk Counter in instance 7
[36mD[19:33:58,608] [400-PaxosAgreement]PaxosAgreement:[m Checking Quorum with Membership: [] in instance 7
[36mD[19:33:58,608] [400-PaxosAgreement]PaxosAgreement:[m Received AcceptOk with sn 3 in instance 7
[36mD[19:33:58,609] [400-PaxosAgreement]PaxosAgreement:[m Increment AcceptOk Counter in instance 7
[36mD[19:33:58,609] [400-PaxosAgreement]PaxosAgreement:[m Checking Quorum with Membership: [] in instance 7
[36mD[19:33:58,614] [400-PaxosAgreement]PaxosAgreement:[m Received AcceptOk with sn 3 in instance 7
[36mD[19:33:58,614] [400-PaxosAgreement]PaxosAgreement:[m Increment AcceptOk Counter in instance 7
[36mD[19:33:58,614] [400-PaxosAgreement]PaxosAgreement:[m Checking Quorum with Membership: [] in instance 7
[36mD[19:33:58,616] [400-PaxosAgreement]PaxosAgreement:[m Received AcceptOk with sn 3 in instance 7
[36mD[19:33:58,616] [400-PaxosAgreement]PaxosAgreement:[m Increment AcceptOk Counter in instance 7
[36mD[19:33:58,616] [400-PaxosAgreement]PaxosAgreement:[m Checking Quorum with Membership: [] in instance 7
[36mD[19:33:58,616] [400-PaxosAgreement]PaxosAgreement:[m Received prepare with sn 1 in instance 8
[36mD[19:33:58,616] [400-PaxosAgreement]PaxosAgreement:[m Have accepted nothing in instance 8: sending bottoms
[36mD[19:33:58,618] [400-PaxosAgreement]PaxosAgreement:[m Received prepare with sn 1 in instance 8
[36mD[19:33:58,620] [400-PaxosAgreement]PaxosAgreement:[m Received prepare with sn 2 in instance 8
[36mD[19:33:58,622] [400-PaxosAgreement]PaxosAgreement:[m Have accepted nothing in instance 8: sending bottoms
[36mD[19:33:58,622] [400-PaxosAgreement]PaxosAgreement:[m Received prepare with sn 2 in instance 8
[36mD[19:33:58,622] [400-PaxosAgreement]PaxosAgreement:[m Received accept with sn 1 in instance 8
[36mD[19:33:58,622] [400-PaxosAgreement]PaxosAgreement:[m Received accept with sn 1 in instance 8
[36mD[19:33:58,627] [400-PaxosAgreement]PaxosAgreement:[m Received accept with sn 2 in instance 8
[36mD[19:33:58,628] [400-PaxosAgreement]PaxosAgreement:[m Can accept op with sn 2 in instance 8
[36mD[19:33:58,628] [400-PaxosAgreement]PaxosAgreement:[m Sent AcceptOkMessage for 127.0.0.1:5001
[36mD[19:33:58,628] [400-PaxosAgreement]PaxosAgreement:[m Received accept with sn 2 in instance 8
[36mD[19:33:58,628] [400-PaxosAgreement]PaxosAgreement:[m Can accept op with sn 2 in instance 8
[36mD[19:33:58,630] [400-PaxosAgreement]PaxosAgreement:[m Sent AcceptOkMessage for 127.0.0.1:5001
[36mD[19:33:58,630] [400-PaxosAgreement]PaxosAgreement:[m Received AcceptOk with sn 2 in instance 8
[36mD[19:33:58,630] [400-PaxosAgreement]PaxosAgreement:[m Received Higher AcceptOk, changing from -1 to 2
[36mD[19:33:58,630] [400-PaxosAgreement]PaxosAgreement:[m Checking Quorum with Membership: [] in instance 8
[36mD[19:33:58,631] [400-PaxosAgreement]PaxosAgreement:[m Received AcceptOk with sn 2 in instance 8
[36mD[19:33:58,631] [400-PaxosAgreement]PaxosAgreement:[m Increment AcceptOk Counter in instance 8
[36mD[19:33:58,631] [400-PaxosAgreement]PaxosAgreement:[m Checking Quorum with Membership: [] in instance 8
[36mD[19:33:58,631] [400-PaxosAgreement]PaxosAgreement:[m Received AcceptOk with sn 2 in instance 8
[36mD[19:33:58,631] [400-PaxosAgreement]PaxosAgreement:[m Increment AcceptOk Counter in instance 8
[36mD[19:33:58,631] [400-PaxosAgreement]PaxosAgreement:[m Checking Quorum with Membership: [] in instance 8
[36mD[19:33:58,631] [400-PaxosAgreement]PaxosAgreement:[m Received AcceptOk with sn 2 in instance 8
[36mD[19:33:58,631] [400-PaxosAgreement]PaxosAgreement:[m Increment AcceptOk Counter in instance 8
[36mD[19:33:58,632] [400-PaxosAgreement]PaxosAgreement:[m Checking Quorum with Membership: [] in instance 8
[36mD[19:33:58,638] [400-PaxosAgreement]PaxosAgreement:[m Received prepare with sn 2 in instance 9
[36mD[19:33:58,638] [400-PaxosAgreement]PaxosAgreement:[m Have accepted nothing in instance 9: sending bottoms
[36mD[19:33:58,638] [400-PaxosAgreement]PaxosAgreement:[m Received prepare with sn 2 in instance 9
[36mD[19:33:58,642] [400-PaxosAgreement]PaxosAgreement:[m Received accept with sn 2 in instance 9
[36mD[19:33:58,642] [400-PaxosAgreement]PaxosAgreement:[m Can accept op with sn 2 in instance 9
[36mD[19:33:58,643] [400-PaxosAgreement]PaxosAgreement:[m Sent AcceptOkMessage for 127.0.0.1:5001
[36mD[19:33:58,644] [400-PaxosAgreement]PaxosAgreement:[m Received accept with sn 2 in instance 9
[36mD[19:33:58,644] [400-PaxosAgreement]PaxosAgreement:[m Can accept op with sn 2 in instance 9
[36mD[19:33:58,644] [400-PaxosAgreement]PaxosAgreement:[m Sent AcceptOkMessage for 127.0.0.1:5001
[36mD[19:33:58,644] [400-PaxosAgreement]PaxosAgreement:[m Received AcceptOk with sn 2 in instance 9
[36mD[19:33:58,644] [400-PaxosAgreement]PaxosAgreement:[m Received Higher AcceptOk, changing from -1 to 2
[36mD[19:33:58,645] [400-PaxosAgreement]PaxosAgreement:[m Checking Quorum with Membership: [] in instance 9
[36mD[19:33:58,645] [400-PaxosAgreement]PaxosAgreement:[m Received AcceptOk with sn 2 in instance 9
[36mD[19:33:58,645] [400-PaxosAgreement]PaxosAgreement:[m Increment AcceptOk Counter in instance 9
[36mD[19:33:58,646] [400-PaxosAgreement]PaxosAgreement:[m Checking Quorum with Membership: [] in instance 9
[36mD[19:33:58,652] [400-PaxosAgreement]PaxosAgreement:[m Received prepare with sn 3 in instance 8
[36mD[19:33:58,652] [400-PaxosAgreement]PaxosAgreement:[m Have accepted a76544d8-b952-4b0f-bb93-3cc234116d58 in instance 8: sending it
[36mD[19:33:58,652] [400-PaxosAgreement]PaxosAgreement:[m Received prepare with sn 3 in instance 8
[36mD[19:33:58,658] [400-PaxosAgreement]PaxosAgreement:[m Received prepare with sn 3 in instance 9
[36mD[19:33:58,658] [400-PaxosAgreement]PaxosAgreement:[m Have accepted b5ade5b2-7650-4d0d-a446-6e52861c6e55 in instance 9: sending it
[36mD[19:33:58,658] [400-PaxosAgreement]PaxosAgreement:[m Received prepare with sn 3 in instance 9
[36mD[19:33:58,661] [400-PaxosAgreement]PaxosAgreement:[m Received accept with sn 3 in instance 9
[36mD[19:33:58,662] [400-PaxosAgreement]PaxosAgreement:[m Can accept op with sn 3 in instance 9
[36mD[19:33:58,662] [400-PaxosAgreement]PaxosAgreement:[m Sent AcceptOkMessage for 127.0.0.1:5002
[36mD[19:33:58,662] [400-PaxosAgreement]PaxosAgreement:[m Received accept with sn 3 in instance 9
[36mD[19:33:58,664] [400-PaxosAgreement]PaxosAgreement:[m Can accept op with sn 3 in instance 9
[36mD[19:33:58,665] [400-PaxosAgreement]PaxosAgreement:[m Sent AcceptOkMessage for 127.0.0.1:5002
[36mD[19:33:58,665] [400-PaxosAgreement]PaxosAgreement:[m Received AcceptOk with sn 3 in instance 9
[36mD[19:33:58,665] [400-PaxosAgreement]PaxosAgreement:[m Received Higher AcceptOk, changing from 2 to 3
[36mD[19:33:58,665] [400-PaxosAgreement]PaxosAgreement:[m Checking Quorum with Membership: [] in instance 9
[36mD[19:33:58,666] [400-PaxosAgreement]PaxosAgreement:[m Received AcceptOk with sn 3 in instance 9
[36mD[19:33:58,666] [400-PaxosAgreement]PaxosAgreement:[m Increment AcceptOk Counter in instance 9
[36mD[19:33:58,666] [400-PaxosAgreement]PaxosAgreement:[m Checking Quorum with Membership: [] in instance 9
[36mD[19:33:58,666] [400-PaxosAgreement]PaxosAgreement:[m Received AcceptOk with sn 3 in instance 9
[36mD[19:33:58,666] [400-PaxosAgreement]PaxosAgreement:[m Increment AcceptOk Counter in instance 9
[36mD[19:33:58,666] [400-PaxosAgreement]PaxosAgreement:[m Checking Quorum with Membership: [] in instance 9
[36mD[19:33:58,666] [400-PaxosAgreement]PaxosAgreement:[m Received AcceptOk with sn 3 in instance 9
[36mD[19:33:58,666] [400-PaxosAgreement]PaxosAgreement:[m Increment AcceptOk Counter in instance 9
[36mD[19:33:58,667] [400-PaxosAgreement]PaxosAgreement:[m Checking Quorum with Membership: [] in instance 9
[36mD[19:33:58,671] [400-PaxosAgreement]PaxosAgreement:[m Received prepare with sn 3 in instance 10
[36mD[19:33:58,671] [400-PaxosAgreement]PaxosAgreement:[m Have accepted nothing in instance 10: sending bottoms
[36mD[19:33:58,671] [400-PaxosAgreement]PaxosAgreement:[m Received prepare with sn 3 in instance 10
[36mD[19:33:58,671] [400-PaxosAgreement]PaxosAgreement:[m Received prepare with sn 3 in instance 10
[36mD[19:33:58,676] [400-PaxosAgreement]PaxosAgreement:[m Received accept with sn 3 in instance 10
[36mD[19:33:58,676] [400-PaxosAgreement]PaxosAgreement:[m Can accept op with sn 3 in instance 10
[36mD[19:33:58,676] [400-PaxosAgreement]PaxosAgreement:[m Sent AcceptOkMessage for 127.0.0.1:5002
[36mD[19:33:58,676] [400-PaxosAgreement]PaxosAgreement:[m Received accept with sn 3 in instance 10
[36mD[19:33:58,679] [400-PaxosAgreement]PaxosAgreement:[m Can accept op with sn 3 in instance 10
[36mD[19:33:58,679] [400-PaxosAgreement]PaxosAgreement:[m Sent AcceptOkMessage for 127.0.0.1:5002
[36mD[19:33:58,679] [400-PaxosAgreement]PaxosAgreement:[m Received accept with sn 3 in instance 10
[36mD[19:33:58,679] [400-PaxosAgreement]PaxosAgreement:[m Can accept op with sn 3 in instance 10
[36mD[19:33:58,679] [400-PaxosAgreement]PaxosAgreement:[m Sent AcceptOkMessage for 127.0.0.1:5002
[36mD[19:33:58,680] [400-PaxosAgreement]PaxosAgreement:[m Received AcceptOk with sn 3 in instance 10
[36mD[19:33:58,680] [400-PaxosAgreement]PaxosAgreement:[m Received Higher AcceptOk, changing from -1 to 3
[36mD[19:33:58,680] [400-PaxosAgreement]PaxosAgreement:[m Checking Quorum with Membership: [] in instance 10
[36mD[19:33:58,680] [400-PaxosAgreement]PaxosAgreement:[m Received AcceptOk with sn 3 in instance 10
[36mD[19:33:58,680] [400-PaxosAgreement]PaxosAgreement:[m Increment AcceptOk Counter in instance 10
[36mD[19:33:58,681] [400-PaxosAgreement]PaxosAgreement:[m Checking Quorum with Membership: [] in instance 10
[36mD[19:33:58,681] [400-PaxosAgreement]PaxosAgreement:[m Received AcceptOk with sn 3 in instance 10
[36mD[19:33:58,681] [400-PaxosAgreement]PaxosAgreement:[m Increment AcceptOk Counter in instance 10
[36mD[19:33:58,681] [400-PaxosAgreement]PaxosAgreement:[m Checking Quorum with Membership: [] in instance 10
[36mD[19:34:00,632] [400-PaxosAgreement]PaxosAgreement:[m Received prepare with sn 16 in instance 8
[36mD[19:34:00,632] [400-PaxosAgreement]PaxosAgreement:[m Have accepted a76544d8-b952-4b0f-bb93-3cc234116d58 in instance 8: sending it
[36mD[19:34:00,632] [400-PaxosAgreement]PaxosAgreement:[m Received prepare with sn 16 in instance 8
[36mD[19:34:00,649] [400-PaxosAgreement]PaxosAgreement:[m Received prepare with sn 1 in instance 9
[36mD[19:34:00,649] [400-PaxosAgreement]PaxosAgreement:[m Received prepare with sn 1 in instance 9
[36mD[19:34:00,649] [400-PaxosAgreement]PaxosAgreement:[m Received prepare with sn 22 in instance 9
[36mD[19:34:00,649] [400-PaxosAgreement]PaxosAgreement:[m Have accepted b5ade5b2-7650-4d0d-a446-6e52861c6e55 in instance 9: sending it
[36mD[19:34:00,649] [400-PaxosAgreement]PaxosAgreement:[m Received prepare with sn 22 in instance 9
[36mD[19:34:00,669] [400-PaxosAgreement]PaxosAgreement:[m Received prepare with sn 1 in instance 10
[36mD[19:34:00,669] [400-PaxosAgreement]PaxosAgreement:[m Received prepare with sn 1 in instance 10
[36mD[19:34:00,670] [400-PaxosAgreement]PaxosAgreement:[m Received prepare with sn 1 in instance 10
[36mD[19:34:00,671] [400-PaxosAgreement]PaxosAgreement:[m Received prepare with sn 2 in instance 10
[36mD[19:34:00,672] [400-PaxosAgreement]PaxosAgreement:[m Received prepare with sn 2 in instance 10
[36mD[19:34:00,673] [400-PaxosAgreement]PaxosAgreement:[m Received prepare with sn 2 in instance 10
[36mD[19:34:00,680] [400-PaxosAgreement]PaxosAgreement:[m Received prepare with sn 27 in instance 10
[36mD[19:34:00,681] [400-PaxosAgreement]PaxosAgreement:[m Have accepted ed4e2905-0a25-4767-9540-2176df3def51 in instance 10: sending it
[36mD[19:34:00,681] [400-PaxosAgreement]PaxosAgreement:[m Received prepare with sn 27 in instance 10
[36mD[19:34:00,681] [400-PaxosAgreement]PaxosAgreement:[m Received prepare with sn 27 in instance 10
[36mD[19:34:00,694] [400-PaxosAgreement]PaxosAgreement:[m Received accept with sn 27 in instance 10
[36mD[19:34:00,695] [400-PaxosAgreement]PaxosAgreement:[m Can accept op with sn 27 in instance 10
[36mD[19:34:00,695] [400-PaxosAgreement]PaxosAgreement:[m Sent AcceptOkMessage for 127.0.0.1:5002
[36mD[19:34:00,696] [400-PaxosAgreement]PaxosAgreement:[m Received accept with sn 27 in instance 10
[36mD[19:34:00,696] [400-PaxosAgreement]PaxosAgreement:[m Can accept op with sn 27 in instance 10
[36mD[19:34:00,696] [400-PaxosAgreement]PaxosAgreement:[m Sent AcceptOkMessage for 127.0.0.1:5002
[36mD[19:34:00,696] [400-PaxosAgreement]PaxosAgreement:[m Received accept with sn 27 in instance 10
[36mD[19:34:00,697] [400-PaxosAgreement]PaxosAgreement:[m Can accept op with sn 27 in instance 10
[36mD[19:34:00,697] [400-PaxosAgreement]PaxosAgreement:[m Sent AcceptOkMessage for 127.0.0.1:5002
[36mD[19:34:00,707] [400-PaxosAgreement]PaxosAgreement:[m Received AcceptOk with sn 27 in instance 10
[36mD[19:34:00,707] [400-PaxosAgreement]PaxosAgreement:[m Received Higher AcceptOk, changing from 3 to 27
[36mD[19:34:00,707] [400-PaxosAgreement]PaxosAgreement:[m Checking Quorum with Membership: [] in instance 10
[36mD[19:34:00,707] [400-PaxosAgreement]PaxosAgreement:[m Received AcceptOk with sn 27 in instance 10
[36mD[19:34:00,707] [400-PaxosAgreement]PaxosAgreement:[m Increment AcceptOk Counter in instance 10
[36mD[19:34:00,707] [400-PaxosAgreement]PaxosAgreement:[m Checking Quorum with Membership: [] in instance 10
[36mD[19:34:00,707] [400-PaxosAgreement]PaxosAgreement:[m Received AcceptOk with sn 27 in instance 10
[36mD[19:34:00,707] [400-PaxosAgreement]PaxosAgreement:[m Increment AcceptOk Counter in instance 10
[36mD[19:34:00,708] [400-PaxosAgreement]PaxosAgreement:[m Checking Quorum with Membership: [] in instance 10
[36mD[19:34:00,714] [400-PaxosAgreement]PaxosAgreement:[m Received AcceptOk with sn 27 in instance 10
[36mD[19:34:00,715] [400-PaxosAgreement]PaxosAgreement:[m Increment AcceptOk Counter in instance 10
[36mD[19:34:00,716] [400-PaxosAgreement]PaxosAgreement:[m Checking Quorum with Membership: [] in instance 10
[36mD[19:34:00,717] [400-PaxosAgreement]PaxosAgreement:[m Received AcceptOk with sn 27 in instance 10
[36mD[19:34:00,717] [400-PaxosAgreement]PaxosAgreement:[m Increment AcceptOk Counter in instance 10
[36mD[19:34:00,717] [400-PaxosAgreement]PaxosAgreement:[m Checking Quorum with Membership: [] in instance 10
[36mD[19:34:00,717] [400-PaxosAgreement]PaxosAgreement:[m Received AcceptOk with sn 27 in instance 10
[36mD[19:34:00,717] [400-PaxosAgreement]PaxosAgreement:[m Increment AcceptOk Counter in instance 10
[36mD[19:34:00,717] [400-PaxosAgreement]PaxosAgreement:[m Checking Quorum with Membership: [] in instance 10
[36mD[19:34:00,717] [400-PaxosAgreement]PaxosAgreement:[m Received AcceptOk with sn 27 in instance 10
[36mD[19:34:00,717] [400-PaxosAgreement]PaxosAgreement:[m Increment AcceptOk Counter in instance 10
[36mD[19:34:00,718] [400-PaxosAgreement]PaxosAgreement:[m Checking Quorum with Membership: [] in instance 10
[36mD[19:34:00,718] [400-PaxosAgreement]PaxosAgreement:[m Received AcceptOk with sn 27 in instance 10
[36mD[19:34:00,718] [400-PaxosAgreement]PaxosAgreement:[m Increment AcceptOk Counter in instance 10
[36mD[19:34:00,718] [400-PaxosAgreement]PaxosAgreement:[m Checking Quorum with Membership: [] in instance 10
[36mD[19:34:00,718] [400-PaxosAgreement]PaxosAgreement:[m Received AcceptOk with sn 27 in instance 10
[36mD[19:34:00,718] [400-PaxosAgreement]PaxosAgreement:[m Increment AcceptOk Counter in instance 10
[36mD[19:34:00,718] [400-PaxosAgreement]PaxosAgreement:[m Checking Quorum with Membership: [] in instance 10
[36mD[19:34:00,739] [400-PaxosAgreement]PaxosAgreement:[m Received prepare with sn 3 in instance 11
[36mD[19:34:00,740] [400-PaxosAgreement]PaxosAgreement:[m Have accepted nothing in instance 11: sending bottoms
[36mD[19:34:00,740] [400-PaxosAgreement]PaxosAgreement:[m Received prepare with sn 3 in instance 11
[36mD[19:34:00,741] [400-PaxosAgreement]PaxosAgreement:[m Received prepare with sn 3 in instance 11
[36mD[19:34:00,751] [400-PaxosAgreement]PaxosAgreement:[m Received accept with sn 3 in instance 11
[36mD[19:34:00,752] [400-PaxosAgreement]PaxosAgreement:[m Can accept op with sn 3 in instance 11
[36mD[19:34:00,752] [400-PaxosAgreement]PaxosAgreement:[m Sent AcceptOkMessage for 127.0.0.1:5002
[36mD[19:34:00,752] [400-PaxosAgreement]PaxosAgreement:[m Received accept with sn 3 in instance 11
[36mD[19:34:00,752] [400-PaxosAgreement]PaxosAgreement:[m Can accept op with sn 3 in instance 11
[36mD[19:34:00,753] [400-PaxosAgreement]PaxosAgreement:[m Sent AcceptOkMessage for 127.0.0.1:5002
[36mD[19:34:00,753] [400-PaxosAgreement]PaxosAgreement:[m Received accept with sn 3 in instance 11
[36mD[19:34:00,754] [400-PaxosAgreement]PaxosAgreement:[m Can accept op with sn 3 in instance 11
[36mD[19:34:00,754] [400-PaxosAgreement]PaxosAgreement:[m Sent AcceptOkMessage for 127.0.0.1:5002
[36mD[19:34:00,757] [400-PaxosAgreement]PaxosAgreement:[m Received AcceptOk with sn 3 in instance 11
[36mD[19:34:00,758] [400-PaxosAgreement]PaxosAgreement:[m Received Higher AcceptOk, changing from -1 to 3
[36mD[19:34:00,758] [400-PaxosAgreement]PaxosAgreement:[m Checking Quorum with Membership: [] in instance 11
[36mD[19:34:00,758] [400-PaxosAgreement]PaxosAgreement:[m Received AcceptOk with sn 3 in instance 11
[36mD[19:34:00,758] [400-PaxosAgreement]PaxosAgreement:[m Increment AcceptOk Counter in instance 11
[36mD[19:34:00,759] [400-PaxosAgreement]PaxosAgreement:[m Checking Quorum with Membership: [] in instance 11
[36mD[19:34:00,759] [400-PaxosAgreement]PaxosAgreement:[m Received AcceptOk with sn 3 in instance 11
[36mD[19:34:00,759] [400-PaxosAgreement]PaxosAgreement:[m Increment AcceptOk Counter in instance 11
[36mD[19:34:00,759] [400-PaxosAgreement]PaxosAgreement:[m Checking Quorum with Membership: [] in instance 11
[36mD[19:34:02,666] [400-PaxosAgreement]PaxosAgreement:[m Received prepare with sn 43 in instance 10
[36mD[19:34:02,666] [400-PaxosAgreement]PaxosAgreement:[m Have accepted ed4e2905-0a25-4767-9540-2176df3def51 in instance 10: sending it
[36mD[19:34:02,666] [400-PaxosAgreement]PaxosAgreement:[m Received prepare with sn 43 in instance 10
[36mD[19:34:02,667] [400-PaxosAgreement]PaxosAgreement:[m Received prepare with sn 43 in instance 10
[36mD[19:34:02,685] [400-PaxosAgreement]PaxosAgreement:[m Received prepare with sn 62 in instance 10
[36mD[19:34:02,686] [400-PaxosAgreement]PaxosAgreement:[m Have accepted ed4e2905-0a25-4767-9540-2176df3def51 in instance 10: sending it
[36mD[19:34:02,686] [400-PaxosAgreement]PaxosAgreement:[m Received prepare with sn 62 in instance 10
[36mD[19:34:02,686] [400-PaxosAgreement]PaxosAgreement:[m Received prepare with sn 62 in instance 10
[36mD[19:34:02,694] [400-PaxosAgreement]PaxosAgreement:[m Received prepare with sn 1 in instance 11
[36mD[19:34:02,694] [400-PaxosAgreement]PaxosAgreement:[m Received prepare with sn 1 in instance 11
[36mD[19:34:02,694] [400-PaxosAgreement]PaxosAgreement:[m Received prepare with sn 1 in instance 11
[36mD[19:34:02,698] [400-PaxosAgreement]PaxosAgreement:[m Received prepare with sn 2 in instance 11
[36mD[19:34:02,698] [400-PaxosAgreement]PaxosAgreement:[m Received prepare with sn 2 in instance 11
[36mD[19:34:02,698] [400-PaxosAgreement]PaxosAgreement:[m Received prepare with sn 2 in instance 11
[36mD[19:34:02,739] [400-PaxosAgreement]PaxosAgreement:[m Received prepare with sn 15 in instance 11
[36mD[19:34:02,740] [400-PaxosAgreement]PaxosAgreement:[m Have accepted 2bdbbfd2-8367-487f-9926-149ec3392916 in instance 11: sending it
[36mD[19:34:02,740] [400-PaxosAgreement]PaxosAgreement:[m Received prepare with sn 15 in instance 11
[36mD[19:34:02,740] [400-PaxosAgreement]PaxosAgreement:[m Received prepare with sn 15 in instance 11
[36mD[19:34:02,762] [400-PaxosAgreement]PaxosAgreement:[m Received accept with sn 15 in instance 11
[36mD[19:34:02,762] [400-PaxosAgreement]PaxosAgreement:[m Can accept op with sn 15 in instance 11
[36mD[19:34:02,762] [400-PaxosAgreement]PaxosAgreement:[m Sent AcceptOkMessage for 127.0.0.1:5002
[36mD[19:34:02,763] [400-PaxosAgreement]PaxosAgreement:[m Received accept with sn 15 in instance 11
[36mD[19:34:02,763] [400-PaxosAgreement]PaxosAgreement:[m Can accept op with sn 15 in instance 11
[36mD[19:34:02,763] [400-PaxosAgreement]PaxosAgreement:[m Sent AcceptOkMessage for 127.0.0.1:5002
[36mD[19:34:02,763] [400-PaxosAgreement]PaxosAgreement:[m Received accept with sn 15 in instance 11
[36mD[19:34:02,763] [400-PaxosAgreement]PaxosAgreement:[m Can accept op with sn 15 in instance 11
[36mD[19:34:02,763] [400-PaxosAgreement]PaxosAgreement:[m Sent AcceptOkMessage for 127.0.0.1:5002
[36mD[19:34:02,772] [400-PaxosAgreement]PaxosAgreement:[m Received AcceptOk with sn 15 in instance 11
[36mD[19:34:02,773] [400-PaxosAgreement]PaxosAgreement:[m Received Higher AcceptOk, changing from 3 to 15
[36mD[19:34:02,773] [400-PaxosAgreement]PaxosAgreement:[m Checking Quorum with Membership: [] in instance 11
[36mD[19:34:02,773] [400-PaxosAgreement]PaxosAgreement:[m Received AcceptOk with sn 15 in instance 11
[36mD[19:34:02,773] [400-PaxosAgreement]PaxosAgreement:[m Increment AcceptOk Counter in instance 11
[36mD[19:34:02,773] [400-PaxosAgreement]PaxosAgreement:[m Checking Quorum with Membership: [] in instance 11
[36mD[19:34:02,773] [400-PaxosAgreement]PaxosAgreement:[m Received AcceptOk with sn 15 in instance 11
[36mD[19:34:02,773] [400-PaxosAgreement]PaxosAgreement:[m Increment AcceptOk Counter in instance 11
[36mD[19:34:02,774] [400-PaxosAgreement]PaxosAgreement:[m Checking Quorum with Membership: [] in instance 11
[36mD[19:34:02,779] [400-PaxosAgreement]PaxosAgreement:[m Received AcceptOk with sn 15 in instance 11
[36mD[19:34:02,779] [400-PaxosAgreement]PaxosAgreement:[m Increment AcceptOk Counter in instance 11
[36mD[19:34:02,779] [400-PaxosAgreement]PaxosAgreement:[m Checking Quorum with Membership: [] in instance 11
[36mD[19:34:02,779] [400-PaxosAgreement]PaxosAgreement:[m Received AcceptOk with sn 15 in instance 11
[36mD[19:34:02,779] [400-PaxosAgreement]PaxosAgreement:[m Increment AcceptOk Counter in instance 11
[36mD[19:34:02,779] [400-PaxosAgreement]PaxosAgreement:[m Checking Quorum with Membership: [] in instance 11
[36mD[19:34:02,779] [400-PaxosAgreement]PaxosAgreement:[m Received AcceptOk with sn 15 in instance 11
[36mD[19:34:02,779] [400-PaxosAgreement]PaxosAgreement:[m Increment AcceptOk Counter in instance 11
[36mD[19:34:02,779] [400-PaxosAgreement]PaxosAgreement:[m Checking Quorum with Membership: [] in instance 11
[36mD[19:34:02,780] [400-PaxosAgreement]PaxosAgreement:[m Received AcceptOk with sn 15 in instance 11
[36mD[19:34:02,780] [400-PaxosAgreement]PaxosAgreement:[m Increment AcceptOk Counter in instance 11
[36mD[19:34:02,780] [400-PaxosAgreement]PaxosAgreement:[m Checking Quorum with Membership: [] in instance 11
[36mD[19:34:02,780] [400-PaxosAgreement]PaxosAgreement:[m Received AcceptOk with sn 15 in instance 11
[36mD[19:34:02,780] [400-PaxosAgreement]PaxosAgreement:[m Increment AcceptOk Counter in instance 11
[36mD[19:34:02,780] [400-PaxosAgreement]PaxosAgreement:[m Checking Quorum with Membership: [] in instance 11
[36mD[19:34:02,781] [400-PaxosAgreement]PaxosAgreement:[m Received AcceptOk with sn 15 in instance 11
[36mD[19:34:02,781] [400-PaxosAgreement]PaxosAgreement:[m Increment AcceptOk Counter in instance 11
[36mD[19:34:02,781] [400-PaxosAgreement]PaxosAgreement:[m Checking Quorum with Membership: [] in instance 11
[36mD[19:34:02,816] [400-PaxosAgreement]PaxosAgreement:[m Received prepare with sn 3 in instance 12
[36mD[19:34:02,816] [400-PaxosAgreement]PaxosAgreement:[m Have accepted nothing in instance 12: sending bottoms
[36mD[19:34:02,817] [400-PaxosAgreement]PaxosAgreement:[m Received prepare with sn 3 in instance 12
[36mD[19:34:02,817] [400-PaxosAgreement]PaxosAgreement:[m Received prepare with sn 3 in instance 12
[36mD[19:34:02,831] [400-PaxosAgreement]PaxosAgreement:[m Received accept with sn 3 in instance 12
[36mD[19:34:02,831] [400-PaxosAgreement]PaxosAgreement:[m Can accept op with sn 3 in instance 12
[36mD[19:34:02,831] [400-PaxosAgreement]PaxosAgreement:[m Sent AcceptOkMessage for 127.0.0.1:5002
[36mD[19:34:02,832] [400-PaxosAgreement]PaxosAgreement:[m Received accept with sn 3 in instance 12
[36mD[19:34:02,832] [400-PaxosAgreement]PaxosAgreement:[m Can accept op with sn 3 in instance 12
[36mD[19:34:02,832] [400-PaxosAgreement]PaxosAgreement:[m Sent AcceptOkMessage for 127.0.0.1:5002
[36mD[19:34:02,832] [400-PaxosAgreement]PaxosAgreement:[m Received accept with sn 3 in instance 12
[36mD[19:34:02,832] [400-PaxosAgreement]PaxosAgreement:[m Can accept op with sn 3 in instance 12
[36mD[19:34:02,832] [400-PaxosAgreement]PaxosAgreement:[m Sent AcceptOkMessage for 127.0.0.1:5002
[36mD[19:34:02,837] [400-PaxosAgreement]PaxosAgreement:[m Received AcceptOk with sn 3 in instance 12
[36mD[19:34:02,837] [400-PaxosAgreement]PaxosAgreement:[m Received Higher AcceptOk, changing from -1 to 3
[36mD[19:34:02,837] [400-PaxosAgreement]PaxosAgreement:[m Checking Quorum with Membership: [] in instance 12
[36mD[19:34:02,838] [400-PaxosAgreement]PaxosAgreement:[m Received AcceptOk with sn 3 in instance 12
[36mD[19:34:02,838] [400-PaxosAgreement]PaxosAgreement:[m Increment AcceptOk Counter in instance 12
[36mD[19:34:02,838] [400-PaxosAgreement]PaxosAgreement:[m Checking Quorum with Membership: [] in instance 12
[36mD[19:34:02,838] [400-PaxosAgreement]PaxosAgreement:[m Received AcceptOk with sn 3 in instance 12
[36mD[19:34:02,838] [400-PaxosAgreement]PaxosAgreement:[m Increment AcceptOk Counter in instance 12
[36mD[19:34:02,838] [400-PaxosAgreement]PaxosAgreement:[m Checking Quorum with Membership: [] in instance 12
[36mD[19:34:04,692] [400-PaxosAgreement]PaxosAgreement:[m Received prepare with sn 31 in instance 11
[36mD[19:34:04,695] [400-PaxosAgreement]PaxosAgreement:[m Have accepted 2bdbbfd2-8367-487f-9926-149ec3392916 in instance 11: sending it
[36mD[19:34:04,696] [400-PaxosAgreement]PaxosAgreement:[m Received prepare with sn 31 in instance 11
[36mD[19:34:04,696] [400-PaxosAgreement]PaxosAgreement:[m Received prepare with sn 31 in instance 11
[36mD[19:34:04,702] [400-PaxosAgreement]PaxosAgreement:[m Received prepare with sn 32 in instance 11
[36mD[19:34:04,703] [400-PaxosAgreement]PaxosAgreement:[m Have accepted 2bdbbfd2-8367-487f-9926-149ec3392916 in instance 11: sending it
[36mD[19:34:04,703] [400-PaxosAgreement]PaxosAgreement:[m Received prepare with sn 32 in instance 11
[36mD[19:34:04,703] [400-PaxosAgreement]PaxosAgreement:[m Received prepare with sn 32 in instance 11
[36mD[19:34:04,712] [400-PaxosAgreement]PaxosAgreement:[m Received prepare with sn 1 in instance 12
[36mD[19:34:04,713] [400-PaxosAgreement]PaxosAgreement:[m Received prepare with sn 1 in instance 12
[36mD[19:34:04,713] [400-PaxosAgreement]PaxosAgreement:[m Received prepare with sn 1 in instance 12
[36mD[19:34:04,720] [400-PaxosAgreement]PaxosAgreement:[m Received prepare with sn 2 in instance 12
[36mD[19:34:04,721] [400-PaxosAgreement]PaxosAgreement:[m Received prepare with sn 2 in instance 12
[36mD[19:34:04,721] [400-PaxosAgreement]PaxosAgreement:[m Received prepare with sn 2 in instance 12
[36mD[19:34:04,813] [400-PaxosAgreement]PaxosAgreement:[m Received prepare with sn 21 in instance 12
[36mD[19:34:04,814] [400-PaxosAgreement]PaxosAgreement:[m Have accepted b59eb4de-41a5-419d-98c4-63fdd52f6c7c in instance 12: sending it
[36mD[19:34:04,814] [400-PaxosAgreement]PaxosAgreement:[m Received prepare with sn 21 in instance 12
[36mD[19:34:04,814] [400-PaxosAgreement]PaxosAgreement:[m Received prepare with sn 21 in instance 12
[36mD[19:34:04,821] [400-PaxosAgreement]PaxosAgreement:[m Received accept with sn 21 in instance 12
[36mD[19:34:04,821] [400-PaxosAgreement]PaxosAgreement:[m Can accept op with sn 21 in instance 12
[36mD[19:34:04,822] [400-PaxosAgreement]PaxosAgreement:[m Sent AcceptOkMessage for 127.0.0.1:5002
[36mD[19:34:04,822] [400-PaxosAgreement]PaxosAgreement:[m Received accept with sn 21 in instance 12
[36mD[19:34:04,825] [400-PaxosAgreement]PaxosAgreement:[m Can accept op with sn 21 in instance 12
[36mD[19:34:04,830] [400-PaxosAgreement]PaxosAgreement:[m Sent AcceptOkMessage for 127.0.0.1:5002
[36mD[19:34:04,830] [400-PaxosAgreement]PaxosAgreement:[m Received accept with sn 21 in instance 12
[36mD[19:34:04,830] [400-PaxosAgreement]PaxosAgreement:[m Can accept op with sn 21 in instance 12
[36mD[19:34:04,830] [400-PaxosAgreement]PaxosAgreement:[m Sent AcceptOkMessage for 127.0.0.1:5002
[36mD[19:34:04,833] [400-PaxosAgreement]PaxosAgreement:[m Received AcceptOk with sn 21 in instance 12
[36mD[19:34:04,834] [400-PaxosAgreement]PaxosAgreement:[m Received Higher AcceptOk, changing from 3 to 21
[36mD[19:34:04,834] [400-PaxosAgreement]PaxosAgreement:[m Checking Quorum with Membership: [] in instance 12
[36mD[19:34:04,834] [400-PaxosAgreement]PaxosAgreement:[m Received AcceptOk with sn 21 in instance 12
[36mD[19:34:04,834] [400-PaxosAgreement]PaxosAgreement:[m Increment AcceptOk Counter in instance 12
[36mD[19:34:04,834] [400-PaxosAgreement]PaxosAgreement:[m Checking Quorum with Membership: [] in instance 12
[36mD[19:34:04,834] [400-PaxosAgreement]PaxosAgreement:[m Received AcceptOk with sn 21 in instance 12
[36mD[19:34:04,834] [400-PaxosAgreement]PaxosAgreement:[m Increment AcceptOk Counter in instance 12
[36mD[19:34:04,835] [400-PaxosAgreement]PaxosAgreement:[m Checking Quorum with Membership: [] in instance 12
[36mD[19:34:04,835] [400-PaxosAgreement]PaxosAgreement:[m Received AcceptOk with sn 21 in instance 12
[36mD[19:34:04,835] [400-PaxosAgreement]PaxosAgreement:[m Increment AcceptOk Counter in instance 12
[36mD[19:34:04,835] [400-PaxosAgreement]PaxosAgreement:[m Checking Quorum with Membership: [] in instance 12
[36mD[19:34:04,835] [400-PaxosAgreement]PaxosAgreement:[m Received AcceptOk with sn 21 in instance 12
[36mD[19:34:04,835] [400-PaxosAgreement]PaxosAgreement:[m Increment AcceptOk Counter in instance 12
[36mD[19:34:04,835] [400-PaxosAgreement]PaxosAgreement:[m Checking Quorum with Membership: [] in instance 12
[36mD[19:34:04,835] [400-PaxosAgreement]PaxosAgreement:[m Received AcceptOk with sn 21 in instance 12
[36mD[19:34:04,835] [400-PaxosAgreement]PaxosAgreement:[m Increment AcceptOk Counter in instance 12
[36mD[19:34:04,836] [400-PaxosAgreement]PaxosAgreement:[m Checking Quorum with Membership: [] in instance 12
[36mD[19:34:04,836] [400-PaxosAgreement]PaxosAgreement:[m Received AcceptOk with sn 21 in instance 12
[36mD[19:34:04,836] [400-PaxosAgreement]PaxosAgreement:[m Increment AcceptOk Counter in instance 12
[36mD[19:34:04,836] [400-PaxosAgreement]PaxosAgreement:[m Checking Quorum with Membership: [] in instance 12
[36mD[19:34:04,836] [400-PaxosAgreement]PaxosAgreement:[m Received AcceptOk with sn 21 in instance 12
[36mD[19:34:04,837] [400-PaxosAgreement]PaxosAgreement:[m Increment AcceptOk Counter in instance 12
[36mD[19:34:04,837] [400-PaxosAgreement]PaxosAgreement:[m Checking Quorum with Membership: [] in instance 12
[36mD[19:34:04,837] [400-PaxosAgreement]PaxosAgreement:[m Received AcceptOk with sn 21 in instance 12
[36mD[19:34:04,837] [400-PaxosAgreement]PaxosAgreement:[m Increment AcceptOk Counter in instance 12
[36mD[19:34:04,837] [400-PaxosAgreement]PaxosAgreement:[m Checking Quorum with Membership: [] in instance 12
[36mD[19:34:04,844] [400-PaxosAgreement]PaxosAgreement:[m Received prepare with sn 3 in instance 13
[36mD[19:34:04,844] [400-PaxosAgreement]PaxosAgreement:[m Have accepted nothing in instance 13: sending bottoms
[36mD[19:34:04,844] [400-PaxosAgreement]PaxosAgreement:[m Received prepare with sn 3 in instance 13
[36mD[19:34:04,844] [400-PaxosAgreement]PaxosAgreement:[m Received prepare with sn 3 in instance 13
[36mD[19:34:04,850] [400-PaxosAgreement]PaxosAgreement:[m Received accept with sn 3 in instance 13
[36mD[19:34:04,850] [400-PaxosAgreement]PaxosAgreement:[m Can accept op with sn 3 in instance 13
[36mD[19:34:04,850] [400-PaxosAgreement]PaxosAgreement:[m Sent AcceptOkMessage for 127.0.0.1:5002
[36mD[19:34:04,851] [400-PaxosAgreement]PaxosAgreement:[m Received accept with sn 3 in instance 13
[36mD[19:34:04,851] [400-PaxosAgreement]PaxosAgreement:[m Can accept op with sn 3 in instance 13
[36mD[19:34:04,851] [400-PaxosAgreement]PaxosAgreement:[m Sent AcceptOkMessage for 127.0.0.1:5002
[36mD[19:34:04,851] [400-PaxosAgreement]PaxosAgreement:[m Received accept with sn 3 in instance 13
[36mD[19:34:04,851] [400-PaxosAgreement]PaxosAgreement:[m Can accept op with sn 3 in instance 13
[36mD[19:34:04,851] [400-PaxosAgreement]PaxosAgreement:[m Sent AcceptOkMessage for 127.0.0.1:5002
[36mD[19:34:04,856] [400-PaxosAgreement]PaxosAgreement:[m Received AcceptOk with sn 3 in instance 13
[36mD[19:34:04,856] [400-PaxosAgreement]PaxosAgreement:[m Received Higher AcceptOk, changing from -1 to 3
[36mD[19:34:04,857] [400-PaxosAgreement]PaxosAgreement:[m Checking Quorum with Membership: [] in instance 13
[36mD[19:34:04,857] [400-PaxosAgreement]PaxosAgreement:[m Received AcceptOk with sn 3 in instance 13
[36mD[19:34:04,857] [400-PaxosAgreement]PaxosAgreement:[m Increment AcceptOk Counter in instance 13
[36mD[19:34:04,857] [400-PaxosAgreement]PaxosAgreement:[m Checking Quorum with Membership: [] in instance 13
[36mD[19:34:04,857] [400-PaxosAgreement]PaxosAgreement:[m Received AcceptOk with sn 3 in instance 13
[36mD[19:34:04,857] [400-PaxosAgreement]PaxosAgreement:[m Increment AcceptOk Counter in instance 13
[36mD[19:34:04,857] [400-PaxosAgreement]PaxosAgreement:[m Checking Quorum with Membership: [] in instance 13
[36mD[19:34:06,712] [400-PaxosAgreement]PaxosAgreement:[m Received prepare with sn 49 in instance 12
[36mD[19:34:06,714] [400-PaxosAgreement]PaxosAgreement:[m Have accepted b59eb4de-41a5-419d-98c4-63fdd52f6c7c in instance 12: sending it
[36mD[19:34:06,715] [400-PaxosAgreement]PaxosAgreement:[m Received prepare with sn 49 in instance 12
[36mD[19:34:06,715] [400-PaxosAgreement]PaxosAgreement:[m Received prepare with sn 49 in instance 12
[36mD[19:34:06,720] [400-PaxosAgreement]PaxosAgreement:[m Received prepare with sn 1 in instance 13
[36mD[19:34:06,721] [400-PaxosAgreement]PaxosAgreement:[m Received prepare with sn 1 in instance 13
[36mD[19:34:06,721] [400-PaxosAgreement]PaxosAgreement:[m Received prepare with sn 1 in instance 13
[36mD[19:34:06,724] [400-PaxosAgreement]PaxosAgreement:[m Received prepare with sn 62 in instance 12
[36mD[19:34:06,724] [400-PaxosAgreement]PaxosAgreement:[m Have accepted b59eb4de-41a5-419d-98c4-63fdd52f6c7c in instance 12: sending it
[36mD[19:34:06,725] [400-PaxosAgreement]PaxosAgreement:[m Received prepare with sn 62 in instance 12
[36mD[19:34:06,725] [400-PaxosAgreement]PaxosAgreement:[m Received prepare with sn 62 in instance 12
[36mD[19:34:06,732] [400-PaxosAgreement]PaxosAgreement:[m Received prepare with sn 2 in instance 13
[36mD[19:34:06,733] [400-PaxosAgreement]PaxosAgreement:[m Received prepare with sn 2 in instance 13
[36mD[19:34:06,733] [400-PaxosAgreement]PaxosAgreement:[m Received prepare with sn 2 in instance 13
[36mD[19:34:06,849] [400-PaxosAgreement]PaxosAgreement:[m Received prepare with sn 9 in instance 13
[36mD[19:34:06,849] [400-PaxosAgreement]PaxosAgreement:[m Have accepted 01d03d53-6723-4b94-83a4-c47e21035ce2 in instance 13: sending it
[36mD[19:34:06,850] [400-PaxosAgreement]PaxosAgreement:[m Received prepare with sn 9 in instance 13
[36mD[19:34:06,850] [400-PaxosAgreement]PaxosAgreement:[m Received prepare with sn 9 in instance 13
[36mD[19:34:06,866] [400-PaxosAgreement]PaxosAgreement:[m Received accept with sn 9 in instance 13
[36mD[19:34:06,866] [400-PaxosAgreement]PaxosAgreement:[m Can accept op with sn 9 in instance 13
[36mD[19:34:06,866] [400-PaxosAgreement]PaxosAgreement:[m Sent AcceptOkMessage for 127.0.0.1:5002
[36mD[19:34:06,866] [400-PaxosAgreement]PaxosAgreement:[m Received accept with sn 9 in instance 13
[36mD[19:34:06,866] [400-PaxosAgreement]PaxosAgreement:[m Can accept op with sn 9 in instance 13
[36mD[19:34:06,867] [400-PaxosAgreement]PaxosAgreement:[m Sent AcceptOkMessage for 127.0.0.1:5002
[36mD[19:34:06,867] [400-PaxosAgreement]PaxosAgreement:[m Received accept with sn 9 in instance 13
[36mD[19:34:06,867] [400-PaxosAgreement]PaxosAgreement:[m Can accept op with sn 9 in instance 13
[36mD[19:34:06,867] [400-PaxosAgreement]PaxosAgreement:[m Sent AcceptOkMessage for 127.0.0.1:5002
[36mD[19:34:06,879] [400-PaxosAgreement]PaxosAgreement:[m Received AcceptOk with sn 9 in instance 13
[36mD[19:34:06,879] [400-PaxosAgreement]PaxosAgreement:[m Received Higher AcceptOk, changing from 3 to 9
[36mD[19:34:06,879] [400-PaxosAgreement]PaxosAgreement:[m Checking Quorum with Membership: [] in instance 13
[36mD[19:34:06,879] [400-PaxosAgreement]PaxosAgreement:[m Received AcceptOk with sn 9 in instance 13
[36mD[19:34:06,879] [400-PaxosAgreement]PaxosAgreement:[m Increment AcceptOk Counter in instance 13
[36mD[19:34:06,879] [400-PaxosAgreement]PaxosAgreement:[m Checking Quorum with Membership: [] in instance 13
[36mD[19:34:06,879] [400-PaxosAgreement]PaxosAgreement:[m Received AcceptOk with sn 9 in instance 13
[36mD[19:34:06,879] [400-PaxosAgreement]PaxosAgreement:[m Increment AcceptOk Counter in instance 13
[36mD[19:34:06,880] [400-PaxosAgreement]PaxosAgreement:[m Checking Quorum with Membership: [] in instance 13
[36mD[19:34:06,880] [400-PaxosAgreement]PaxosAgreement:[m Received AcceptOk with sn 9 in instance 13
[36mD[19:34:06,880] [400-PaxosAgreement]PaxosAgreement:[m Increment AcceptOk Counter in instance 13
[36mD[19:34:06,880] [400-PaxosAgreement]PaxosAgreement:[m Checking Quorum with Membership: [] in instance 13
[36mD[19:34:06,880] [400-PaxosAgreement]PaxosAgreement:[m Received AcceptOk with sn 9 in instance 13
[36mD[19:34:06,880] [400-PaxosAgreement]PaxosAgreement:[m Increment AcceptOk Counter in instance 13
[36mD[19:34:06,880] [400-PaxosAgreement]PaxosAgreement:[m Checking Quorum with Membership: [] in instance 13
[36mD[19:34:06,880] [400-PaxosAgreement]PaxosAgreement:[m Received AcceptOk with sn 9 in instance 13
[36mD[19:34:06,880] [400-PaxosAgreement]PaxosAgreement:[m Increment AcceptOk Counter in instance 13
[36mD[19:34:06,880] [400-PaxosAgreement]PaxosAgreement:[m Checking Quorum with Membership: [] in instance 13
[36mD[19:34:06,880] [400-PaxosAgreement]PaxosAgreement:[m Received AcceptOk with sn 9 in instance 13
[36mD[19:34:06,880] [400-PaxosAgreement]PaxosAgreement:[m Increment AcceptOk Counter in instance 13
[36mD[19:34:06,881] [400-PaxosAgreement]PaxosAgreement:[m Checking Quorum with Membership: [] in instance 13
[36mD[19:34:06,881] [400-PaxosAgreement]PaxosAgreement:[m Received AcceptOk with sn 9 in instance 13
[36mD[19:34:06,881] [400-PaxosAgreement]PaxosAgreement:[m Increment AcceptOk Counter in instance 13
[36mD[19:34:06,881] [400-PaxosAgreement]PaxosAgreement:[m Checking Quorum with Membership: [] in instance 13
[36mD[19:34:06,881] [400-PaxosAgreement]PaxosAgreement:[m Received AcceptOk with sn 9 in instance 13
[36mD[19:34:06,881] [400-PaxosAgreement]PaxosAgreement:[m Increment AcceptOk Counter in instance 13
[36mD[19:34:06,881] [400-PaxosAgreement]PaxosAgreement:[m Checking Quorum with Membership: [] in instance 13
[36mD[19:34:08,725] [400-PaxosAgreement]PaxosAgreement:[m Received prepare with sn 19 in instance 13
[36mD[19:34:08,725] [400-PaxosAgreement]PaxosAgreement:[m Have accepted 01d03d53-6723-4b94-83a4-c47e21035ce2 in instance 13: sending it
[36mD[19:34:08,726] [400-PaxosAgreement]PaxosAgreement:[m Received prepare with sn 19 in instance 13
[36mD[19:34:08,726] [400-PaxosAgreement]PaxosAgreement:[m Received prepare with sn 19 in instance 13
[36mD[19:34:08,730] [400-PaxosAgreement]PaxosAgreement:[m Received prepare with sn 1 in instance 14
[36mD[19:34:08,730] [400-PaxosAgreement]PaxosAgreement:[m Have accepted nothing in instance 14: sending bottoms
[36mD[19:34:08,731] [400-PaxosAgreement]PaxosAgreement:[m Received prepare with sn 1 in instance 14
[36mD[19:34:08,731] [400-PaxosAgreement]PaxosAgreement:[m Received prepare with sn 1 in instance 14
[36mD[19:34:08,743] [400-PaxosAgreement]PaxosAgreement:[m Received accept with sn 1 in instance 14
[36mD[19:34:08,743] [400-PaxosAgreement]PaxosAgreement:[m Can accept op with sn 1 in instance 14
[36mD[19:34:08,743] [400-PaxosAgreement]PaxosAgreement:[m Sent AcceptOkMessage for 127.0.0.1:5000
[36mD[19:34:08,743] [400-PaxosAgreement]PaxosAgreement:[m Received accept with sn 1 in instance 14
[36mD[19:34:08,744] [400-PaxosAgreement]PaxosAgreement:[m Can accept op with sn 1 in instance 14
[36mD[19:34:08,744] [400-PaxosAgreement]PaxosAgreement:[m Sent AcceptOkMessage for 127.0.0.1:5000
[36mD[19:34:08,744] [400-PaxosAgreement]PaxosAgreement:[m Received accept with sn 1 in instance 14
[36mD[19:34:08,744] [400-PaxosAgreement]PaxosAgreement:[m Can accept op with sn 1 in instance 14
[36mD[19:34:08,744] [400-PaxosAgreement]PaxosAgreement:[m Sent AcceptOkMessage for 127.0.0.1:5000
[36mD[19:34:08,748] [400-PaxosAgreement]PaxosAgreement:[m Received prepare with sn 26 in instance 13
[36mD[19:34:08,748] [400-PaxosAgreement]PaxosAgreement:[m Have accepted 01d03d53-6723-4b94-83a4-c47e21035ce2 in instance 13: sending it
[36mD[19:34:08,749] [400-PaxosAgreement]PaxosAgreement:[m Received prepare with sn 26 in instance 13
[36mD[19:34:08,750] [400-PaxosAgreement]PaxosAgreement:[m Received prepare with sn 26 in instance 13
[36mD[19:34:08,751] [400-PaxosAgreement]PaxosAgreement:[m Received AcceptOk with sn 1 in instance 14
[36mD[19:34:08,751] [400-PaxosAgreement]PaxosAgreement:[m Received Higher AcceptOk, changing from -1 to 1
[36mD[19:34:08,751] [400-PaxosAgreement]PaxosAgreement:[m Checking Quorum with Membership: [] in instance 14
[36mD[19:34:08,751] [400-PaxosAgreement]PaxosAgreement:[m Received AcceptOk with sn 1 in instance 14
[36mD[19:34:08,751] [400-PaxosAgreement]PaxosAgreement:[m Increment AcceptOk Counter in instance 14
[36mD[19:34:08,751] [400-PaxosAgreement]PaxosAgreement:[m Checking Quorum with Membership: [] in instance 14
[36mD[19:34:08,751] [400-PaxosAgreement]PaxosAgreement:[m Received AcceptOk with sn 1 in instance 14
[36mD[19:34:08,751] [400-PaxosAgreement]PaxosAgreement:[m Increment AcceptOk Counter in instance 14
[36mD[19:34:08,751] [400-PaxosAgreement]PaxosAgreement:[m Checking Quorum with Membership: [] in instance 14
[36mD[19:34:08,752] [400-PaxosAgreement]PaxosAgreement:[m Received AcceptOk with sn 1 in instance 14
[36mD[19:34:08,752] [400-PaxosAgreement]PaxosAgreement:[m Increment AcceptOk Counter in instance 14
[36mD[19:34:08,752] [400-PaxosAgreement]PaxosAgreement:[m Checking Quorum with Membership: [] in instance 14
[36mD[19:34:08,752] [400-PaxosAgreement]PaxosAgreement:[m Received AcceptOk with sn 1 in instance 14
[36mD[19:34:08,752] [400-PaxosAgreement]PaxosAgreement:[m Increment AcceptOk Counter in instance 14
[36mD[19:34:08,752] [400-PaxosAgreement]PaxosAgreement:[m Checking Quorum with Membership: [] in instance 14
[36mD[19:34:08,752] [400-PaxosAgreement]PaxosAgreement:[m Received AcceptOk with sn 1 in instance 14
[36mD[19:34:08,752] [400-PaxosAgreement]PaxosAgreement:[m Increment AcceptOk Counter in instance 14
[36mD[19:34:08,752] [400-PaxosAgreement]PaxosAgreement:[m Checking Quorum with Membership: [] in instance 14
[36mD[19:34:08,781] [400-PaxosAgreement]PaxosAgreement:[m Received prepare with sn 2 in instance 14
[36mD[19:34:08,782] [400-PaxosAgreement]PaxosAgreement:[m Have accepted b1daa4fe-2394-4cda-b7d1-8eb6f2ff6056 in instance 14: sending it
[36mD[19:34:08,782] [400-PaxosAgreement]PaxosAgreement:[m Received prepare with sn 2 in instance 14
[36mD[19:34:08,782] [400-PaxosAgreement]PaxosAgreement:[m Received prepare with sn 2 in instance 14
[36mD[19:34:08,795] [400-PaxosAgreement]PaxosAgreement:[m Received accept with sn 2 in instance 14
[36mD[19:34:08,795] [400-PaxosAgreement]PaxosAgreement:[m Can accept op with sn 2 in instance 14
[36mD[19:34:08,795] [400-PaxosAgreement]PaxosAgreement:[m Sent AcceptOkMessage for 127.0.0.1:5001
[36mD[19:34:08,796] [400-PaxosAgreement]PaxosAgreement:[m Received accept with sn 2 in instance 14
[36mD[19:34:08,796] [400-PaxosAgreement]PaxosAgreement:[m Can accept op with sn 2 in instance 14
[36mD[19:34:08,796] [400-PaxosAgreement]PaxosAgreement:[m Sent AcceptOkMessage for 127.0.0.1:5001
[36mD[19:34:08,796] [400-PaxosAgreement]PaxosAgreement:[m Received accept with sn 2 in instance 14
[36mD[19:34:08,796] [400-PaxosAgreement]PaxosAgreement:[m Can accept op with sn 2 in instance 14
[36mD[19:34:08,796] [400-PaxosAgreement]PaxosAgreement:[m Sent AcceptOkMessage for 127.0.0.1:5001
[36mD[19:34:08,809] [400-PaxosAgreement]PaxosAgreement:[m Received AcceptOk with sn 2 in instance 14
[36mD[19:34:08,809] [400-PaxosAgreement]PaxosAgreement:[m Received Higher AcceptOk, changing from 1 to 2
[36mD[19:34:08,809] [400-PaxosAgreement]PaxosAgreement:[m Checking Quorum with Membership: [] in instance 14
[36mD[19:34:08,810] [400-PaxosAgreement]PaxosAgreement:[m Received AcceptOk with sn 2 in instance 14
[36mD[19:34:08,810] [400-PaxosAgreement]PaxosAgreement:[m Increment AcceptOk Counter in instance 14
[36mD[19:34:08,810] [400-PaxosAgreement]PaxosAgreement:[m Checking Quorum with Membership: [] in instance 14
[36mD[19:34:08,810] [400-PaxosAgreement]PaxosAgreement:[m Received AcceptOk with sn 2 in instance 14
[36mD[19:34:08,810] [400-PaxosAgreement]PaxosAgreement:[m Increment AcceptOk Counter in instance 14
[36mD[19:34:08,810] [400-PaxosAgreement]PaxosAgreement:[m Checking Quorum with Membership: [] in instance 14
[36mD[19:34:08,810] [400-PaxosAgreement]PaxosAgreement:[m Received AcceptOk with sn 2 in instance 14
[36mD[19:34:08,810] [400-PaxosAgreement]PaxosAgreement:[m Increment AcceptOk Counter in instance 14
[36mD[19:34:08,810] [400-PaxosAgreement]PaxosAgreement:[m Checking Quorum with Membership: [] in instance 14
[36mD[19:34:08,810] [400-PaxosAgreement]PaxosAgreement:[m Received AcceptOk with sn 2 in instance 14
[36mD[19:34:08,810] [400-PaxosAgreement]PaxosAgreement:[m Increment AcceptOk Counter in instance 14
[36mD[19:34:08,810] [400-PaxosAgreement]PaxosAgreement:[m Checking Quorum with Membership: [] in instance 14
[36mD[19:34:08,810] [400-PaxosAgreement]PaxosAgreement:[m Received AcceptOk with sn 2 in instance 14
[36mD[19:34:08,811] [400-PaxosAgreement]PaxosAgreement:[m Increment AcceptOk Counter in instance 14
[36mD[19:34:08,811] [400-PaxosAgreement]PaxosAgreement:[m Checking Quorum with Membership: [] in instance 14
[36mD[19:34:08,811] [400-PaxosAgreement]PaxosAgreement:[m Received AcceptOk with sn 2 in instance 14
[36mD[19:34:08,811] [400-PaxosAgreement]PaxosAgreement:[m Increment AcceptOk Counter in instance 14
[36mD[19:34:08,811] [400-PaxosAgreement]PaxosAgreement:[m Checking Quorum with Membership: [] in instance 14
[36mD[19:34:08,811] [400-PaxosAgreement]PaxosAgreement:[m Received AcceptOk with sn 2 in instance 14
[36mD[19:34:08,811] [400-PaxosAgreement]PaxosAgreement:[m Increment AcceptOk Counter in instance 14
[36mD[19:34:08,811] [400-PaxosAgreement]PaxosAgreement:[m Checking Quorum with Membership: [] in instance 14
[36mD[19:34:08,811] [400-PaxosAgreement]PaxosAgreement:[m Received AcceptOk with sn 2 in instance 14
[36mD[19:34:08,811] [400-PaxosAgreement]PaxosAgreement:[m Increment AcceptOk Counter in instance 14
[36mD[19:34:08,812] [400-PaxosAgreement]PaxosAgreement:[m Checking Quorum with Membership: [] in instance 14
[36mD[19:34:08,819] [400-PaxosAgreement]PaxosAgreement:[m Received prepare with sn 2 in instance 15
[36mD[19:34:08,819] [400-PaxosAgreement]PaxosAgreement:[m Have accepted nothing in instance 15: sending bottoms
[36mD[19:34:08,819] [400-PaxosAgreement]PaxosAgreement:[m Received prepare with sn 2 in instance 15
[36mD[19:34:08,819] [400-PaxosAgreement]PaxosAgreement:[m Received prepare with sn 2 in instance 15
[36mD[19:34:08,825] [400-PaxosAgreement]PaxosAgreement:[m Received accept with sn 2 in instance 15
[36mD[19:34:08,825] [400-PaxosAgreement]PaxosAgreement:[m Can accept op with sn 2 in instance 15
[36mD[19:34:08,825] [400-PaxosAgreement]PaxosAgreement:[m Sent AcceptOkMessage for 127.0.0.1:5001
[36mD[19:34:08,825] [400-PaxosAgreement]PaxosAgreement:[m Received accept with sn 2 in instance 15
[36mD[19:34:08,825] [400-PaxosAgreement]PaxosAgreement:[m Can accept op with sn 2 in instance 15
[36mD[19:34:08,826] [400-PaxosAgreement]PaxosAgreement:[m Sent AcceptOkMessage for 127.0.0.1:5001
[36mD[19:34:08,826] [400-PaxosAgreement]PaxosAgreement:[m Received accept with sn 2 in instance 15
[36mD[19:34:08,826] [400-PaxosAgreement]PaxosAgreement:[m Can accept op with sn 2 in instance 15
[36mD[19:34:08,826] [400-PaxosAgreement]PaxosAgreement:[m Sent AcceptOkMessage for 127.0.0.1:5001
[36mD[19:34:08,829] [400-PaxosAgreement]PaxosAgreement:[m Received AcceptOk with sn 2 in instance 15
[36mD[19:34:08,829] [400-PaxosAgreement]PaxosAgreement:[m Received Higher AcceptOk, changing from -1 to 2
[36mD[19:34:08,829] [400-PaxosAgreement]PaxosAgreement:[m Checking Quorum with Membership: [] in instance 15
[36mD[19:34:08,829] [400-PaxosAgreement]PaxosAgreement:[m Received AcceptOk with sn 2 in instance 15
[36mD[19:34:08,829] [400-PaxosAgreement]PaxosAgreement:[m Increment AcceptOk Counter in instance 15
[36mD[19:34:08,830] [400-PaxosAgreement]PaxosAgreement:[m Checking Quorum with Membership: [] in instance 15
[36mD[19:34:08,830] [400-PaxosAgreement]PaxosAgreement:[m Received AcceptOk with sn 2 in instance 15
[36mD[19:34:08,830] [400-PaxosAgreement]PaxosAgreement:[m Increment AcceptOk Counter in instance 15
[36mD[19:34:08,830] [400-PaxosAgreement]PaxosAgreement:[m Checking Quorum with Membership: [] in instance 15
[36mD[19:34:10,736] [400-PaxosAgreement]PaxosAgreement:[m Received prepare with sn 19 in instance 14
[36mD[19:34:10,737] [400-PaxosAgreement]PaxosAgreement:[m Have accepted b1daa4fe-2394-4cda-b7d1-8eb6f2ff6056 in instance 14: sending it
[36mD[19:34:10,737] [400-PaxosAgreement]PaxosAgreement:[m Received prepare with sn 19 in instance 14
[36mD[19:34:10,737] [400-PaxosAgreement]PaxosAgreement:[m Received prepare with sn 19 in instance 14
[36mD[19:34:10,822] [400-PaxosAgreement]PaxosAgreement:[m Received prepare with sn 32 in instance 15
[36mD[19:34:10,822] [400-PaxosAgreement]PaxosAgreement:[m Have accepted 94d12f00-db8a-4585-a8ba-433fd9404f37 in instance 15: sending it
[36mD[19:34:10,822] [400-PaxosAgreement]PaxosAgreement:[m Received prepare with sn 32 in instance 15
[36mD[19:34:10,823] [400-PaxosAgreement]PaxosAgreement:[m Received prepare with sn 32 in instance 15
[36mD[19:34:10,828] [400-PaxosAgreement]PaxosAgreement:[m Received accept with sn 32 in instance 15
[36mD[19:34:10,829] [400-PaxosAgreement]PaxosAgreement:[m Can accept op with sn 32 in instance 15
[36mD[19:34:10,829] [400-PaxosAgreement]PaxosAgreement:[m Sent AcceptOkMessage for 127.0.0.1:5001
[36mD[19:34:10,829] [400-PaxosAgreement]PaxosAgreement:[m Received accept with sn 32 in instance 15
[36mD[19:34:10,829] [400-PaxosAgreement]PaxosAgreement:[m Can accept op with sn 32 in instance 15
[36mD[19:34:10,829] [400-PaxosAgreement]PaxosAgreement:[m Sent AcceptOkMessage for 127.0.0.1:5001
[36mD[19:34:10,829] [400-PaxosAgreement]PaxosAgreement:[m Received accept with sn 32 in instance 15
[36mD[19:34:10,829] [400-PaxosAgreement]PaxosAgreement:[m Can accept op with sn 32 in instance 15
[36mD[19:34:10,829] [400-PaxosAgreement]PaxosAgreement:[m Sent AcceptOkMessage for 127.0.0.1:5001
[36mD[19:34:10,829] [400-PaxosAgreement]PaxosAgreement:[m Received AcceptOk with sn 32 in instance 15
[36mD[19:34:10,829] [400-PaxosAgreement]PaxosAgreement:[m Received Higher AcceptOk, changing from 2 to 32
[36mD[19:34:10,829] [400-PaxosAgreement]PaxosAgreement:[m Checking Quorum with Membership: [] in instance 15
[36mD[19:34:10,830] [400-PaxosAgreement]PaxosAgreement:[m Received AcceptOk with sn 32 in instance 15
[36mD[19:34:10,830] [400-PaxosAgreement]PaxosAgreement:[m Increment AcceptOk Counter in instance 15
[36mD[19:34:10,830] [400-PaxosAgreement]PaxosAgreement:[m Checking Quorum with Membership: [] in instance 15
[36mD[19:34:10,830] [400-PaxosAgreement]PaxosAgreement:[m Received AcceptOk with sn 32 in instance 15
[36mD[19:34:10,830] [400-PaxosAgreement]PaxosAgreement:[m Increment AcceptOk Counter in instance 15
[36mD[19:34:10,830] [400-PaxosAgreement]PaxosAgreement:[m Checking Quorum with Membership: [] in instance 15
[36mD[19:34:10,832] [400-PaxosAgreement]PaxosAgreement:[m Received AcceptOk with sn 32 in instance 15
[36mD[19:34:10,832] [400-PaxosAgreement]PaxosAgreement:[m Increment AcceptOk Counter in instance 15
[36mD[19:34:10,832] [400-PaxosAgreement]PaxosAgreement:[m Checking Quorum with Membership: [] in instance 15
[36mD[19:34:10,832] [400-PaxosAgreement]PaxosAgreement:[m Received AcceptOk with sn 32 in instance 15
[36mD[19:34:10,832] [400-PaxosAgreement]PaxosAgreement:[m Increment AcceptOk Counter in instance 15
[36mD[19:34:10,832] [400-PaxosAgreement]PaxosAgreement:[m Checking Quorum with Membership: [] in instance 15
[36mD[19:34:10,832] [400-PaxosAgreement]PaxosAgreement:[m Received AcceptOk with sn 32 in instance 15
[36mD[19:34:10,832] [400-PaxosAgreement]PaxosAgreement:[m Increment AcceptOk Counter in instance 15
[36mD[19:34:10,832] [400-PaxosAgreement]PaxosAgreement:[m Checking Quorum with Membership: [] in instance 15
[36mD[19:34:12,827] [400-PaxosAgreement]PaxosAgreement:[m Received prepare with sn 62 in instance 15
[36mD[19:34:12,827] [400-PaxosAgreement]PaxosAgreement:[m Have accepted 94d12f00-db8a-4585-a8ba-433fd9404f37 in instance 15: sending it
[36mD[19:34:12,828] [400-PaxosAgreement]PaxosAgreement:[m Received prepare with sn 62 in instance 15
[36mD[19:34:12,828] [400-PaxosAgreement]PaxosAgreement:[m Received prepare with sn 62 in instance 15
[36mD[19:34:12,833] [400-PaxosAgreement]PaxosAgreement:[m Received accept with sn 62 in instance 15
[36mD[19:34:12,834] [400-PaxosAgreement]PaxosAgreement:[m Can accept op with sn 62 in instance 15
[36mD[19:34:12,834] [400-PaxosAgreement]PaxosAgreement:[m Sent AcceptOkMessage for 127.0.0.1:5001
[36mD[19:34:12,834] [400-PaxosAgreement]PaxosAgreement:[m Received accept with sn 62 in instance 15
[36mD[19:34:12,834] [400-PaxosAgreement]PaxosAgreement:[m Can accept op with sn 62 in instance 15
[36mD[19:34:12,835] [400-PaxosAgreement]PaxosAgreement:[m Sent AcceptOkMessage for 127.0.0.1:5001
[36mD[19:34:12,835] [400-PaxosAgreement]PaxosAgreement:[m Received accept with sn 62 in instance 15
[36mD[19:34:12,835] [400-PaxosAgreement]PaxosAgreement:[m Can accept op with sn 62 in instance 15
[36mD[19:34:12,835] [400-PaxosAgreement]PaxosAgreement:[m Sent AcceptOkMessage for 127.0.0.1:5001
[36mD[19:34:12,842] [400-PaxosAgreement]PaxosAgreement:[m Received AcceptOk with sn 62 in instance 15
[36mD[19:34:12,842] [400-PaxosAgreement]PaxosAgreement:[m Received Higher AcceptOk, changing from 32 to 62
[36mD[19:34:12,842] [400-PaxosAgreement]PaxosAgreement:[m Checking Quorum with Membership: [] in instance 15
[36mD[19:34:12,842] [400-PaxosAgreement]PaxosAgreement:[m Received AcceptOk with sn 62 in instance 15
[36mD[19:34:12,842] [400-PaxosAgreement]PaxosAgreement:[m Increment AcceptOk Counter in instance 15
[36mD[19:34:12,843] [400-PaxosAgreement]PaxosAgreement:[m Checking Quorum with Membership: [] in instance 15
[36mD[19:34:12,843] [400-PaxosAgreement]PaxosAgreement:[m Received AcceptOk with sn 62 in instance 15
[36mD[19:34:12,843] [400-PaxosAgreement]PaxosAgreement:[m Increment AcceptOk Counter in instance 15
[36mD[19:34:12,843] [400-PaxosAgreement]PaxosAgreement:[m Checking Quorum with Membership: [] in instance 15
[36mD[19:34:12,843] [400-PaxosAgreement]PaxosAgreement:[m Received AcceptOk with sn 62 in instance 15
[36mD[19:34:12,843] [400-PaxosAgreement]PaxosAgreement:[m Increment AcceptOk Counter in instance 15
[36mD[19:34:12,843] [400-PaxosAgreement]PaxosAgreement:[m Checking Quorum with Membership: [] in instance 15
[36mD[19:34:12,843] [400-PaxosAgreement]PaxosAgreement:[m Received AcceptOk with sn 62 in instance 15
[36mD[19:34:12,843] [400-PaxosAgreement]PaxosAgreement:[m Increment AcceptOk Counter in instance 15
[36mD[19:34:12,843] [400-PaxosAgreement]PaxosAgreement:[m Checking Quorum with Membership: [] in instance 15
[36mD[19:34:12,843] [400-PaxosAgreement]PaxosAgreement:[m Received AcceptOk with sn 62 in instance 15
[36mD[19:34:12,843] [400-PaxosAgreement]PaxosAgreement:[m Increment AcceptOk Counter in instance 15
[36mD[19:34:12,844] [400-PaxosAgreement]PaxosAgreement:[m Checking Quorum with Membership: [] in instance 15
[36mD[19:34:14,830] [400-PaxosAgreement]PaxosAgreement:[m Received prepare with sn 68 in instance 15
[36mD[19:34:14,831] [400-PaxosAgreement]PaxosAgreement:[m Have accepted 94d12f00-db8a-4585-a8ba-433fd9404f37 in instance 15: sending it
[36mD[19:34:14,831] [400-PaxosAgreement]PaxosAgreement:[m Received prepare with sn 68 in instance 15
[36mD[19:34:14,831] [400-PaxosAgreement]PaxosAgreement:[m Received prepare with sn 68 in instance 15
[36mD[19:34:14,835] [400-PaxosAgreement]PaxosAgreement:[m Received accept with sn 68 in instance 15
[36mD[19:34:14,836] [400-PaxosAgreement]PaxosAgreement:[m Can accept op with sn 68 in instance 15
[36mD[19:34:14,836] [400-PaxosAgreement]PaxosAgreement:[m Sent AcceptOkMessage for 127.0.0.1:5001
[36mD[19:34:14,836] [400-PaxosAgreement]PaxosAgreement:[m Received accept with sn 68 in instance 15
[36mD[19:34:14,836] [400-PaxosAgreement]PaxosAgreement:[m Can accept op with sn 68 in instance 15
[36mD[19:34:14,836] [400-PaxosAgreement]PaxosAgreement:[m Sent AcceptOkMessage for 127.0.0.1:5001
[36mD[19:34:14,836] [400-PaxosAgreement]PaxosAgreement:[m Received accept with sn 68 in instance 15
[36mD[19:34:14,836] [400-PaxosAgreement]PaxosAgreement:[m Can accept op with sn 68 in instance 15
[36mD[19:34:14,836] [400-PaxosAgreement]PaxosAgreement:[m Sent AcceptOkMessage for 127.0.0.1:5001
[36mD[19:34:14,840] [400-PaxosAgreement]PaxosAgreement:[m Received AcceptOk with sn 68 in instance 15
[36mD[19:34:14,840] [400-PaxosAgreement]PaxosAgreement:[m Received Higher AcceptOk, changing from 62 to 68
[36mD[19:34:14,840] [400-PaxosAgreement]PaxosAgreement:[m Checking Quorum with Membership: [] in instance 15
[36mD[19:34:14,841] [400-PaxosAgreement]PaxosAgreement:[m Received AcceptOk with sn 68 in instance 15
[36mD[19:34:14,841] [400-PaxosAgreement]PaxosAgreement:[m Increment AcceptOk Counter in instance 15
[36mD[19:34:14,841] [400-PaxosAgreement]PaxosAgreement:[m Checking Quorum with Membership: [] in instance 15
[36mD[19:34:14,841] [400-PaxosAgreement]PaxosAgreement:[m Received AcceptOk with sn 68 in instance 15
[36mD[19:34:14,841] [400-PaxosAgreement]PaxosAgreement:[m Increment AcceptOk Counter in instance 15
[36mD[19:34:14,842] [400-PaxosAgreement]PaxosAgreement:[m Checking Quorum with Membership: [] in instance 15
[36mD[19:34:14,842] [400-PaxosAgreement]PaxosAgreement:[m Received AcceptOk with sn 68 in instance 15
[36mD[19:34:14,842] [400-PaxosAgreement]PaxosAgreement:[m Increment AcceptOk Counter in instance 15
[36mD[19:34:14,842] [400-PaxosAgreement]PaxosAgreement:[m Checking Quorum with Membership: [] in instance 15
[36mD[19:34:14,842] [400-PaxosAgreement]PaxosAgreement:[m Received AcceptOk with sn 68 in instance 15
[36mD[19:34:14,842] [400-PaxosAgreement]PaxosAgreement:[m Increment AcceptOk Counter in instance 15
[36mD[19:34:14,842] [400-PaxosAgreement]PaxosAgreement:[m Checking Quorum with Membership: [] in instance 15
[36mD[19:34:14,842] [400-PaxosAgreement]PaxosAgreement:[m Received AcceptOk with sn 68 in instance 15
[36mD[19:34:14,842] [400-PaxosAgreement]PaxosAgreement:[m Increment AcceptOk Counter in instance 15
[36mD[19:34:14,842] [400-PaxosAgreement]PaxosAgreement:[m Checking Quorum with Membership: [] in instance 15
[36mD[19:34:16,838] [400-PaxosAgreement]PaxosAgreement:[m Received prepare with sn 92 in instance 15
[36mD[19:34:16,838] [400-PaxosAgreement]PaxosAgreement:[m Have accepted 94d12f00-db8a-4585-a8ba-433fd9404f37 in instance 15: sending it
[36mD[19:34:16,838] [400-PaxosAgreement]PaxosAgreement:[m Received prepare with sn 92 in instance 15
[36mD[19:34:16,839] [400-PaxosAgreement]PaxosAgreement:[m Received prepare with sn 92 in instance 15
[36mD[19:34:16,843] [400-PaxosAgreement]PaxosAgreement:[m Received accept with sn 92 in instance 15
[36mD[19:34:16,843] [400-PaxosAgreement]PaxosAgreement:[m Can accept op with sn 92 in instance 15
[36mD[19:34:16,844] [400-PaxosAgreement]PaxosAgreement:[m Sent AcceptOkMessage for 127.0.0.1:5001
[36mD[19:34:16,844] [400-PaxosAgreement]PaxosAgreement:[m Received accept with sn 92 in instance 15
[36mD[19:34:16,844] [400-PaxosAgreement]PaxosAgreement:[m Can accept op with sn 92 in instance 15
[36mD[19:34:16,844] [400-PaxosAgreement]PaxosAgreement:[m Sent AcceptOkMessage for 127.0.0.1:5001
[36mD[19:34:16,844] [400-PaxosAgreement]PaxosAgreement:[m Received accept with sn 92 in instance 15
[36mD[19:34:16,844] [400-PaxosAgreement]PaxosAgreement:[m Can accept op with sn 92 in instance 15
[36mD[19:34:16,844] [400-PaxosAgreement]PaxosAgreement:[m Sent AcceptOkMessage for 127.0.0.1:5001
[36mD[19:34:16,848] [400-PaxosAgreement]PaxosAgreement:[m Received AcceptOk with sn 92 in instance 15
[36mD[19:34:16,851] [400-PaxosAgreement]PaxosAgreement:[m Received Higher AcceptOk, changing from 68 to 92
[36mD[19:34:16,851] [400-PaxosAgreement]PaxosAgreement:[m Checking Quorum with Membership: [] in instance 15
[36mD[19:34:16,851] [400-PaxosAgreement]PaxosAgreement:[m Received AcceptOk with sn 92 in instance 15
[36mD[19:34:16,851] [400-PaxosAgreement]PaxosAgreement:[m Increment AcceptOk Counter in instance 15
[36mD[19:34:16,851] [400-PaxosAgreement]PaxosAgreement:[m Checking Quorum with Membership: [] in instance 15
[36mD[19:34:16,851] [400-PaxosAgreement]PaxosAgreement:[m Received AcceptOk with sn 92 in instance 15
[36mD[19:34:16,851] [400-PaxosAgreement]PaxosAgreement:[m Increment AcceptOk Counter in instance 15
[36mD[19:34:16,852] [400-PaxosAgreement]PaxosAgreement:[m Checking Quorum with Membership: [] in instance 15
[36mD[19:34:16,852] [400-PaxosAgreement]PaxosAgreement:[m Received AcceptOk with sn 92 in instance 15
[36mD[19:34:16,852] [400-PaxosAgreement]PaxosAgreement:[m Increment AcceptOk Counter in instance 15
[36mD[19:34:16,852] [400-PaxosAgreement]PaxosAgreement:[m Checking Quorum with Membership: [] in instance 15
[36mD[19:34:16,852] [400-PaxosAgreement]PaxosAgreement:[m Received AcceptOk with sn 92 in instance 15
[36mD[19:34:16,852] [400-PaxosAgreement]PaxosAgreement:[m Increment AcceptOk Counter in instance 15
[36mD[19:34:16,852] [400-PaxosAgreement]PaxosAgreement:[m Checking Quorum with Membership: [] in instance 15
[36mD[19:34:16,852] [400-PaxosAgreement]PaxosAgreement:[m Received AcceptOk with sn 92 in instance 15
[36mD[19:34:16,852] [400-PaxosAgreement]PaxosAgreement:[m Increment AcceptOk Counter in instance 15
[36mD[19:34:16,852] [400-PaxosAgreement]PaxosAgreement:[m Checking Quorum with Membership: [] in instance 15
[36mD[19:34:18,843] [400-PaxosAgreement]PaxosAgreement:[m Received prepare with sn 104 in instance 15
[36mD[19:34:18,843] [400-PaxosAgreement]PaxosAgreement:[m Have accepted 94d12f00-db8a-4585-a8ba-433fd9404f37 in instance 15: sending it
[36mD[19:34:18,843] [400-PaxosAgreement]PaxosAgreement:[m Received prepare with sn 104 in instance 15
[36mD[19:34:18,843] [400-PaxosAgreement]PaxosAgreement:[m Received prepare with sn 104 in instance 15
[36mD[19:34:18,853] [400-PaxosAgreement]PaxosAgreement:[m Received accept with sn 104 in instance 15
[36mD[19:34:18,853] [400-PaxosAgreement]PaxosAgreement:[m Can accept op with sn 104 in instance 15
[36mD[19:34:18,853] [400-PaxosAgreement]PaxosAgreement:[m Sent AcceptOkMessage for 127.0.0.1:5001
[36mD[19:34:18,853] [400-PaxosAgreement]PaxosAgreement:[m Received accept with sn 104 in instance 15
[36mD[19:34:18,853] [400-PaxosAgreement]PaxosAgreement:[m Can accept op with sn 104 in instance 15
[36mD[19:34:18,853] [400-PaxosAgreement]PaxosAgreement:[m Sent AcceptOkMessage for 127.0.0.1:5001
[36mD[19:34:18,853] [400-PaxosAgreement]PaxosAgreement:[m Received accept with sn 104 in instance 15
[36mD[19:34:18,853] [400-PaxosAgreement]PaxosAgreement:[m Can accept op with sn 104 in instance 15
[36mD[19:34:18,853] [400-PaxosAgreement]PaxosAgreement:[m Sent AcceptOkMessage for 127.0.0.1:5001
[36mD[19:34:18,856] [400-PaxosAgreement]PaxosAgreement:[m Received AcceptOk with sn 104 in instance 15
[36mD[19:34:18,856] [400-PaxosAgreement]PaxosAgreement:[m Received Higher AcceptOk, changing from 92 to 104
[36mD[19:34:18,856] [400-PaxosAgreement]PaxosAgreement:[m Checking Quorum with Membership: [] in instance 15
[36mD[19:34:18,856] [400-PaxosAgreement]PaxosAgreement:[m Received AcceptOk with sn 104 in instance 15
[36mD[19:34:18,856] [400-PaxosAgreement]PaxosAgreement:[m Increment AcceptOk Counter in instance 15
[36mD[19:34:18,856] [400-PaxosAgreement]PaxosAgreement:[m Checking Quorum with Membership: [] in instance 15
[36mD[19:34:18,856] [400-PaxosAgreement]PaxosAgreement:[m Received AcceptOk with sn 104 in instance 15
[36mD[19:34:18,856] [400-PaxosAgreement]PaxosAgreement:[m Increment AcceptOk Counter in instance 15
[36mD[19:34:18,856] [400-PaxosAgreement]PaxosAgreement:[m Checking Quorum with Membership: [] in instance 15
[36mD[19:34:18,856] [400-PaxosAgreement]PaxosAgreement:[m Received AcceptOk with sn 104 in instance 15
[36mD[19:34:18,856] [400-PaxosAgreement]PaxosAgreement:[m Increment AcceptOk Counter in instance 15
[36mD[19:34:18,857] [400-PaxosAgreement]PaxosAgreement:[m Checking Quorum with Membership: [] in instance 15
[36mD[19:34:18,857] [400-PaxosAgreement]PaxosAgreement:[m Received AcceptOk with sn 104 in instance 15
[36mD[19:34:18,857] [400-PaxosAgreement]PaxosAgreement:[m Increment AcceptOk Counter in instance 15
[36mD[19:34:18,857] [400-PaxosAgreement]PaxosAgreement:[m Checking Quorum with Membership: [] in instance 15
[36mD[19:34:18,857] [400-PaxosAgreement]PaxosAgreement:[m Received AcceptOk with sn 104 in instance 15
[36mD[19:34:18,857] [400-PaxosAgreement]PaxosAgreement:[m Increment AcceptOk Counter in instance 15
[36mD[19:34:18,857] [400-PaxosAgreement]PaxosAgreement:[m Checking Quorum with Membership: [] in instance 15
[36mD[19:34:20,848] [400-PaxosAgreement]PaxosAgreement:[m Received prepare with sn 134 in instance 15
[36mD[19:34:20,848] [400-PaxosAgreement]PaxosAgreement:[m Have accepted 94d12f00-db8a-4585-a8ba-433fd9404f37 in instance 15: sending it
[36mD[19:34:20,848] [400-PaxosAgreement]PaxosAgreement:[m Received prepare with sn 134 in instance 15
[36mD[19:34:20,848] [400-PaxosAgreement]PaxosAgreement:[m Received prepare with sn 134 in instance 15
[36mD[19:34:20,852] [400-PaxosAgreement]PaxosAgreement:[m Received accept with sn 134 in instance 15
[36mD[19:34:20,852] [400-PaxosAgreement]PaxosAgreement:[m Can accept op with sn 134 in instance 15
[36mD[19:34:20,853] [400-PaxosAgreement]PaxosAgreement:[m Sent AcceptOkMessage for 127.0.0.1:5001
[36mD[19:34:20,853] [400-PaxosAgreement]PaxosAgreement:[m Received accept with sn 134 in instance 15
[36mD[19:34:20,853] [400-PaxosAgreement]PaxosAgreement:[m Can accept op with sn 134 in instance 15
[36mD[19:34:20,853] [400-PaxosAgreement]PaxosAgreement:[m Sent AcceptOkMessage for 127.0.0.1:5001
[36mD[19:34:20,854] [400-PaxosAgreement]PaxosAgreement:[m Received accept with sn 134 in instance 15
[36mD[19:34:20,854] [400-PaxosAgreement]PaxosAgreement:[m Can accept op with sn 134 in instance 15
[36mD[19:34:20,854] [400-PaxosAgreement]PaxosAgreement:[m Sent AcceptOkMessage for 127.0.0.1:5001
[36mD[19:34:20,857] [400-PaxosAgreement]PaxosAgreement:[m Received AcceptOk with sn 134 in instance 15
[36mD[19:34:20,858] [400-PaxosAgreement]PaxosAgreement:[m Received Higher AcceptOk, changing from 104 to 134
[36mD[19:34:20,858] [400-PaxosAgreement]PaxosAgreement:[m Checking Quorum with Membership: [] in instance 15
[36mD[19:34:20,859] [400-PaxosAgreement]PaxosAgreement:[m Received AcceptOk with sn 134 in instance 15
[36mD[19:34:20,860] [400-PaxosAgreement]PaxosAgreement:[m Increment AcceptOk Counter in instance 15
[36mD[19:34:20,860] [400-PaxosAgreement]PaxosAgreement:[m Checking Quorum with Membership: [] in instance 15
[36mD[19:34:20,860] [400-PaxosAgreement]PaxosAgreement:[m Received AcceptOk with sn 134 in instance 15
[36mD[19:34:20,860] [400-PaxosAgreement]PaxosAgreement:[m Increment AcceptOk Counter in instance 15
[36mD[19:34:20,860] [400-PaxosAgreement]PaxosAgreement:[m Checking Quorum with Membership: [] in instance 15
[36mD[19:34:20,860] [400-PaxosAgreement]PaxosAgreement:[m Received AcceptOk with sn 134 in instance 15
[36mD[19:34:20,860] [400-PaxosAgreement]PaxosAgreement:[m Increment AcceptOk Counter in instance 15
[36mD[19:34:20,860] [400-PaxosAgreement]PaxosAgreement:[m Checking Quorum with Membership: [] in instance 15
[36mD[19:34:20,860] [400-PaxosAgreement]PaxosAgreement:[m Received AcceptOk with sn 134 in instance 15
[36mD[19:34:20,860] [400-PaxosAgreement]PaxosAgreement:[m Increment AcceptOk Counter in instance 15
[36mD[19:34:20,860] [400-PaxosAgreement]PaxosAgreement:[m Checking Quorum with Membership: [] in instance 15
[36mD[19:34:20,860] [400-PaxosAgreement]PaxosAgreement:[m Received AcceptOk with sn 134 in instance 15
[36mD[19:34:20,860] [400-PaxosAgreement]PaxosAgreement:[m Increment AcceptOk Counter in instance 15
[36mD[19:34:20,861] [400-PaxosAgreement]PaxosAgreement:[m Checking Quorum with Membership: [] in instance 15
[32mI[19:34:21,289] [Thread-1]Main:[m Goodbye
